[0.845s] Invoking command in '/home/miles_ma/ROS2_learning/ros2_ws/build/my_py_pkg': PYTHONPATH=/home/miles_ma/ROS2_learning/ros2_ws/build/my_py_pkg/prefix_override:/home/miles_ma/ROS2_learning/ros2_ws/install/my_py_pkg/lib/python3.10/site-packages:${PYTHONPATH} /usr/bin/python3 -W ignore:setup.py install is deprecated setup.py develop --editable --build-directory /home/miles_ma/ROS2_learning/ros2_ws/build/my_py_pkg/build --no-deps symlink_data --force
[1.072s] running develop
[1.205s] running egg_info
[1.205s] writing my_py_pkg.egg-info/PKG-INFO
[1.206s] writing dependency_links to my_py_pkg.egg-info/dependency_links.txt
[1.206s] writing entry points to my_py_pkg.egg-info/entry_points.txt
[1.206s] writing requirements to my_py_pkg.egg-info/requires.txt
[1.206s] writing top-level names to my_py_pkg.egg-info/top_level.txt
[1.207s] reading manifest file 'my_py_pkg.egg-info/SOURCES.txt'
[1.209s] writing manifest file 'my_py_pkg.egg-info/SOURCES.txt'
[1.210s] running build_ext
[1.210s] Creating /home/miles_ma/ROS2_learning/ros2_ws/install/my_py_pkg/lib/python3.10/site-packages/my-py-pkg.egg-link (link to .)
[1.211s] Installing add_two_ints_client script to /home/miles_ma/ROS2_learning/ros2_ws/install/my_py_pkg/lib/my_py_pkg
[1.211s] Installing add_two_ints_client_no_oop script to /home/miles_ma/ROS2_learning/ros2_ws/install/my_py_pkg/lib/my_py_pkg
[1.211s] Installing add_two_ints_server script to /home/miles_ma/ROS2_learning/ros2_ws/install/my_py_pkg/lib/my_py_pkg
[1.211s] Installing battery script to /home/miles_ma/ROS2_learning/ros2_ws/install/my_py_pkg/lib/my_py_pkg
[1.212s] Installing hw_status_publisher script to /home/miles_ma/ROS2_learning/ros2_ws/install/my_py_pkg/lib/my_py_pkg
[1.212s] Installing led_panel script to /home/miles_ma/ROS2_learning/ros2_ws/install/my_py_pkg/lib/my_py_pkg
[1.212s] Installing number_counter script to /home/miles_ma/ROS2_learning/ros2_ws/install/my_py_pkg/lib/my_py_pkg
[1.212s] Installing number_publisher script to /home/miles_ma/ROS2_learning/ros2_ws/install/my_py_pkg/lib/my_py_pkg
[1.212s] Installing py_node script to /home/miles_ma/ROS2_learning/ros2_ws/install/my_py_pkg/lib/my_py_pkg
[1.212s] Installing robot_news_station script to /home/miles_ma/ROS2_learning/ros2_ws/install/my_py_pkg/lib/my_py_pkg
[1.212s] Installing smartphone script to /home/miles_ma/ROS2_learning/ros2_ws/install/my_py_pkg/lib/my_py_pkg
[1.212s] 
[1.212s] Installed /home/miles_ma/ROS2_learning/ros2_ws/build/my_py_pkg
[1.212s] running symlink_data
[1.213s] symbolically linking /home/miles_ma/ROS2_learning/ros2_ws/build/my_py_pkg/resource/my_py_pkg -> /home/miles_ma/ROS2_learning/ros2_ws/install/my_py_pkg/share/ament_index/resource_index/packages
[1.214s] symbolically linking /home/miles_ma/ROS2_learning/ros2_ws/build/my_py_pkg/package.xml -> /home/miles_ma/ROS2_learning/ros2_ws/install/my_py_pkg/share/my_py_pkg
[1.235s] Invoked command in '/home/miles_ma/ROS2_learning/ros2_ws/build/my_py_pkg' returned '0': PYTHONPATH=/home/miles_ma/ROS2_learning/ros2_ws/build/my_py_pkg/prefix_override:/home/miles_ma/ROS2_learning/ros2_ws/install/my_py_pkg/lib/python3.10/site-packages:${PYTHONPATH} /usr/bin/python3 -W ignore:setup.py install is deprecated setup.py develop --editable --build-directory /home/miles_ma/ROS2_learning/ros2_ws/build/my_py_pkg/build --no-deps symlink_data --force
