[0.011s] Invoking command in '/home/miles_ma/ROS2_learning/ros2_ws/build/my_robot_interfaces': CMAKE_PREFIX_PATH=/home/miles_ma/ROS2_learning/ros2_ws/install/my_py_pkg:/opt/ros/humble /usr/bin/cmake /home/miles_ma/ROS2_learning/ros2_ws/src/my_robot_interfaces -DCMAKE_INSTALL_PREFIX=/home/miles_ma/ROS2_learning/ros2_ws/install/my_robot_interfaces
[0.019s] -- Found ament_cmake: 1.3.9 (/opt/ros/humble/share/ament_cmake/cmake)
[0.119s] -- Found rosidl_default_generators: 1.2.0 (/opt/ros/humble/share/rosidl_default_generators/cmake)
[0.120s] -- Using all available rosidl_typesupport_c: rosidl_typesupport_fastrtps_c;rosidl_typesupport_introspection_c
[0.123s] -- Found rosidl_adapter: 3.1.5 (/opt/ros/humble/share/rosidl_adapter/cmake)
[0.215s] -- Using all available rosidl_typesupport_cpp: rosidl_typesupport_fastrtps_cpp;rosidl_typesupport_introspection_cpp
[0.392s] [31mCMake Error at /opt/ros/humble/share/rosidl_adapter/cmake/rosidl_adapt_interfaces.cmake:59 (message):
[0.392s]   execute_process(/usr/bin/python3 -m rosidl_adapter --package-name
[0.392s]   my_robot_interfaces --arguments-file
[0.392s]   /home/miles_ma/ROS2_learning/ros2_ws/build/my_robot_interfaces/rosidl_adapter__arguments__my_robot_interfaces.json
[0.392s]   --output-dir
[0.393s]   /home/miles_ma/ROS2_learning/ros2_ws/build/my_robot_interfaces/rosidl_adapter/my_robot_interfaces
[0.393s]   --output-file
[0.393s]   /home/miles_ma/ROS2_learning/ros2_ws/build/my_robot_interfaces/rosidl_adapter/my_robot_interfaces.idls)
[0.393s]   returned error code 1:
[0.393s] 
[0.393s]   Error processing 'bool are_motors ready' of
[0.393s]   'my_robot_interfaces/HardwareStatus': 'value 'ready' can not be converted
[0.393s]   to type 'bool': must be either 'true' / '1' or 'false' / '0''
[0.393s] 
[0.393s]   Traceback (most recent call last):
[0.393s] 
[0.393s]     File "/usr/lib/python3.10/runpy.py", line 196, in _run_module_as_main
[0.393s]       return _run_code(code, main_globals, None,
[0.393s]     File "/usr/lib/python3.10/runpy.py", line 86, in _run_code
[0.394s]       exec(code, run_globals)
[0.394s]     File "/opt/ros/humble/local/lib/python3.10/dist-packages/rosidl_adapter/__main__.py", line 19, in <module>
[0.394s]       sys.exit(main())
[0.394s]     File "/opt/ros/humble/local/lib/python3.10/dist-packages/rosidl_adapter/main.py", line 53, in main
[0.394s]       abs_idl_file = convert_to_idl(
[0.394s]     File "/opt/ros/humble/local/lib/python3.10/dist-packages/rosidl_adapter/__init__.py", line 19, in convert_to_idl
[0.394s]       return convert_msg_to_idl(
[0.394s]     File "/opt/ros/humble/local/lib/python3.10/dist-packages/rosidl_adapter/msg/__init__.py", line 28, in convert_msg_to_idl
[0.394s]       msg = parse_message_string(package_name, input_file.stem, content)
[0.394s]     File "/opt/ros/humble/local/lib/python3.10/dist-packages/rosidl_adapter/parser.py", line 519, in parse_message_string
[0.394s]       fields.append(Field(
[0.394s]     File "/opt/ros/humble/local/lib/python3.10/dist-packages/rosidl_adapter/parser.py", line 361, in __init__
[0.394s]       self.default_value = parse_value_string(
[0.394s]     File "/opt/ros/humble/local/lib/python3.10/dist-packages/rosidl_adapter/parser.py", line 594, in parse_value_string
[0.394s]       return parse_primitive_value_string(type_, value_string)
[0.394s]     File "/opt/ros/humble/local/lib/python3.10/dist-packages/rosidl_adapter/parser.py", line 706, in parse_primitive_value_string
[0.394s]       raise InvalidValue(
[0.394s] 
[0.394s]   rosidl_adapter.parser.InvalidValue: value 'ready' can not be converted to
[0.394s]   type 'bool': must be either 'true' / '1' or 'false' / '0'
[0.395s] 
[0.395s] Call Stack (most recent call first):
[0.395s]   /opt/ros/humble/share/rosidl_cmake/cmake/rosidl_generate_interfaces.cmake:130 (rosidl_adapt_interfaces)
[0.395s]   CMakeLists.txt:16 (rosidl_generate_interfaces)
[0.395s] 
[0.395s] [0m
[0.395s] -- Configuring incomplete, errors occurred!
[0.395s] See also "/home/miles_ma/ROS2_learning/ros2_ws/build/my_robot_interfaces/CMakeFiles/CMakeOutput.log".
[0.397s] Invoked command in '/home/miles_ma/ROS2_learning/ros2_ws/build/my_robot_interfaces' returned '1': CMAKE_PREFIX_PATH=/home/miles_ma/ROS2_learning/ros2_ws/install/my_py_pkg:/opt/ros/humble /usr/bin/cmake /home/miles_ma/ROS2_learning/ros2_ws/src/my_robot_interfaces -DCMAKE_INSTALL_PREFIX=/home/miles_ma/ROS2_learning/ros2_ws/install/my_robot_interfaces
