[1.052s] Invoking command in '/home/changye/ros2_ws3/src/my_py_pkg': PYTHONPATH=/home/changye/ros2_ws3/build/my_py_pkg/prefix_override:/home/changye/ros2_ws3/install/my_py_pkg/lib/python3.10/site-packages:${PYTHONPATH} /usr/bin/python3 -W ignore:setup.py install is deprecated setup.py egg_info --egg-base ../../build/my_py_pkg build --build-base /home/changye/ros2_ws3/build/my_py_pkg/build install --record /home/changye/ros2_ws3/build/my_py_pkg/install.log --single-version-externally-managed install_data
[1.461s] running egg_info
[1.461s] writing ../../build/my_py_pkg/my_py_pkg.egg-info/PKG-INFO
[1.461s] writing dependency_links to ../../build/my_py_pkg/my_py_pkg.egg-info/dependency_links.txt
[1.461s] writing entry points to ../../build/my_py_pkg/my_py_pkg.egg-info/entry_points.txt
[1.461s] writing requirements to ../../build/my_py_pkg/my_py_pkg.egg-info/requires.txt
[1.462s] writing top-level names to ../../build/my_py_pkg/my_py_pkg.egg-info/top_level.txt
[1.463s] reading manifest file '../../build/my_py_pkg/my_py_pkg.egg-info/SOURCES.txt'
[1.463s] writing manifest file '../../build/my_py_pkg/my_py_pkg.egg-info/SOURCES.txt'
[1.463s] running build
[1.463s] running build_py
[1.463s] running install
[1.464s] running install_lib
[1.466s] running install_data
[1.466s] running install_egg_info
[1.468s] removing '/home/changye/ros2_ws3/install/my_py_pkg/lib/python3.10/site-packages/my_py_pkg-0.0.0-py3.10.egg-info' (and everything under it)
[1.469s] Copying ../../build/my_py_pkg/my_py_pkg.egg-info to /home/changye/ros2_ws3/install/my_py_pkg/lib/python3.10/site-packages/my_py_pkg-0.0.0-py3.10.egg-info
[1.469s] running install_scripts
[1.500s] writing list of installed files to '/home/changye/ros2_ws3/build/my_py_pkg/install.log'
[1.519s] Invoked command in '/home/changye/ros2_ws3/src/my_py_pkg' returned '0': PYTHONPATH=/home/changye/ros2_ws3/build/my_py_pkg/prefix_override:/home/changye/ros2_ws3/install/my_py_pkg/lib/python3.10/site-packages:${PYTHONPATH} /usr/bin/python3 -W ignore:setup.py install is deprecated setup.py egg_info --egg-base ../../build/my_py_pkg build --build-base /home/changye/ros2_ws3/build/my_py_pkg/build install --record /home/changye/ros2_ws3/build/my_py_pkg/install.log --single-version-externally-managed install_data
