[0.136s] DEBUG:colcon:Command line arguments: ['/usr/bin/colcon', 'build']
[0.136s] DEBUG:colcon:Parsed command line arguments: Namespace(log_base=None, log_level=None, verb_name='build', build_base='build', install_base='install', merge_install=False, symlink_install=False, test_result_base=None, continue_on_error=False, executor='parallel', parallel_workers=12, event_handlers=None, ignore_user_meta=False, metas=['./colcon.meta'], base_paths=['.'], packages_ignore=None, packages_ignore_regex=None, paths=None, packages_up_to=None, packages_up_to_regex=None, packages_above=None, packages_above_and_dependencies=None, packages_above_depth=None, packages_select_by_dep=None, packages_skip_by_dep=None, packages_skip_up_to=None, packages_select_build_failed=False, packages_skip_build_finished=False, packages_select_test_failures=False, packages_skip_test_passed=False, packages_select=None, packages_skip=None, packages_select_regex=None, packages_skip_regex=None, packages_start=None, packages_end=None, allow_overriding=[], cmake_args=None, cmake_target=None, cmake_target_skip_unavailable=False, cmake_clean_cache=False, cmake_clean_first=False, cmake_force_configure=False, ament_cmake_args=None, catkin_cmake_args=None, catkin_skip_building_tests=False, mixin_files=None, mixin=None, verb_parser=<colcon_mixin.mixin.mixin_argument.MixinArgumentDecorator object at 0x7f53bddceb30>, verb_extension=<colcon_core.verb.build.BuildVerb object at 0x7f53bdf88550>, main=<bound method BuildVerb.main of <colcon_core.verb.build.BuildVerb object at 0x7f53bdf88550>>, mixin_verb=('build',))
[0.283s] Level 1:colcon.colcon_core.package_discovery:discover_packages(colcon_meta) check parameters
[0.284s] Level 1:colcon.colcon_core.package_discovery:discover_packages(recursive) check parameters
[0.284s] Level 1:colcon.colcon_core.package_discovery:discover_packages(ignore) check parameters
[0.284s] Level 1:colcon.colcon_core.package_discovery:discover_packages(path) check parameters
[0.284s] Level 1:colcon.colcon_core.package_discovery:discover_packages(colcon_meta) discover
[0.284s] Level 1:colcon.colcon_core.package_discovery:discover_packages(recursive) discover
[0.284s] INFO:colcon.colcon_core.package_discovery:Crawling recursively for packages in '/home/miles_ma/ROS2_learning/ros2_ws'
[0.284s] Level 1:colcon.colcon_core.package_identification:_identify(.) by extensions ['ignore', 'ignore_ament_install']
[0.284s] Level 1:colcon.colcon_core.package_identification:_identify(.) by extension 'ignore'
[0.284s] Level 1:colcon.colcon_core.package_identification:_identify(.) by extension 'ignore_ament_install'
[0.284s] Level 1:colcon.colcon_core.package_identification:_identify(.) by extensions ['colcon_pkg']
[0.284s] Level 1:colcon.colcon_core.package_identification:_identify(.) by extension 'colcon_pkg'
[0.284s] Level 1:colcon.colcon_core.package_identification:_identify(.) by extensions ['colcon_meta']
[0.284s] Level 1:colcon.colcon_core.package_identification:_identify(.) by extension 'colcon_meta'
[0.284s] Level 1:colcon.colcon_core.package_identification:_identify(.) by extensions ['ros']
[0.284s] Level 1:colcon.colcon_core.package_identification:_identify(.) by extension 'ros'
[0.293s] Level 1:colcon.colcon_core.package_identification:_identify(.) by extensions ['cmake', 'python']
[0.293s] Level 1:colcon.colcon_core.package_identification:_identify(.) by extension 'cmake'
[0.293s] Level 1:colcon.colcon_core.package_identification:_identify(.) by extension 'python'
[0.293s] Level 1:colcon.colcon_core.package_identification:_identify(.) by extensions ['python_setup_py']
[0.293s] Level 1:colcon.colcon_core.package_identification:_identify(.) by extension 'python_setup_py'
[0.293s] Level 1:colcon.colcon_core.package_identification:_identify(build) by extensions ['ignore', 'ignore_ament_install']
[0.293s] Level 1:colcon.colcon_core.package_identification:_identify(build) by extension 'ignore'
[0.293s] Level 1:colcon.colcon_core.package_identification:_identify(build) ignored
[0.293s] Level 1:colcon.colcon_core.package_identification:_identify(install) by extensions ['ignore', 'ignore_ament_install']
[0.293s] Level 1:colcon.colcon_core.package_identification:_identify(install) by extension 'ignore'
[0.293s] Level 1:colcon.colcon_core.package_identification:_identify(install) ignored
[0.294s] Level 1:colcon.colcon_core.package_identification:_identify(log) by extensions ['ignore', 'ignore_ament_install']
[0.294s] Level 1:colcon.colcon_core.package_identification:_identify(log) by extension 'ignore'
[0.294s] Level 1:colcon.colcon_core.package_identification:_identify(log) ignored
[0.294s] Level 1:colcon.colcon_core.package_identification:_identify(src) by extensions ['ignore', 'ignore_ament_install']
[0.294s] Level 1:colcon.colcon_core.package_identification:_identify(src) by extension 'ignore'
[0.294s] Level 1:colcon.colcon_core.package_identification:_identify(src) by extension 'ignore_ament_install'
[0.294s] Level 1:colcon.colcon_core.package_identification:_identify(src) by extensions ['colcon_pkg']
[0.294s] Level 1:colcon.colcon_core.package_identification:_identify(src) by extension 'colcon_pkg'
[0.294s] Level 1:colcon.colcon_core.package_identification:_identify(src) by extensions ['colcon_meta']
[0.294s] Level 1:colcon.colcon_core.package_identification:_identify(src) by extension 'colcon_meta'
[0.294s] Level 1:colcon.colcon_core.package_identification:_identify(src) by extensions ['ros']
[0.294s] Level 1:colcon.colcon_core.package_identification:_identify(src) by extension 'ros'
[0.294s] Level 1:colcon.colcon_core.package_identification:_identify(src) by extensions ['cmake', 'python']
[0.294s] Level 1:colcon.colcon_core.package_identification:_identify(src) by extension 'cmake'
[0.294s] Level 1:colcon.colcon_core.package_identification:_identify(src) by extension 'python'
[0.294s] Level 1:colcon.colcon_core.package_identification:_identify(src) by extensions ['python_setup_py']
[0.294s] Level 1:colcon.colcon_core.package_identification:_identify(src) by extension 'python_setup_py'
[0.294s] Level 1:colcon.colcon_core.package_identification:_identify(src/my_py_pkg) by extensions ['ignore', 'ignore_ament_install']
[0.295s] Level 1:colcon.colcon_core.package_identification:_identify(src/my_py_pkg) by extension 'ignore'
[0.295s] Level 1:colcon.colcon_core.package_identification:_identify(src/my_py_pkg) by extension 'ignore_ament_install'
[0.295s] Level 1:colcon.colcon_core.package_identification:_identify(src/my_py_pkg) by extensions ['colcon_pkg']
[0.295s] Level 1:colcon.colcon_core.package_identification:_identify(src/my_py_pkg) by extension 'colcon_pkg'
[0.295s] Level 1:colcon.colcon_core.package_identification:_identify(src/my_py_pkg) by extensions ['colcon_meta']
[0.295s] Level 1:colcon.colcon_core.package_identification:_identify(src/my_py_pkg) by extension 'colcon_meta'
[0.295s] Level 1:colcon.colcon_core.package_identification:_identify(src/my_py_pkg) by extensions ['ros']
[0.295s] Level 1:colcon.colcon_core.package_identification:_identify(src/my_py_pkg) by extension 'ros'
[0.297s] DEBUG:colcon.colcon_core.package_identification:Package 'src/my_py_pkg' with type 'ros.ament_python' and name 'my_py_pkg'
[0.297s] Level 1:colcon.colcon_core.package_identification:_identify(src/my_robot_interfaces) by extensions ['ignore', 'ignore_ament_install']
[0.297s] Level 1:colcon.colcon_core.package_identification:_identify(src/my_robot_interfaces) by extension 'ignore'
[0.297s] Level 1:colcon.colcon_core.package_identification:_identify(src/my_robot_interfaces) by extension 'ignore_ament_install'
[0.297s] Level 1:colcon.colcon_core.package_identification:_identify(src/my_robot_interfaces) by extensions ['colcon_pkg']
[0.297s] Level 1:colcon.colcon_core.package_identification:_identify(src/my_robot_interfaces) by extension 'colcon_pkg'
[0.297s] Level 1:colcon.colcon_core.package_identification:_identify(src/my_robot_interfaces) by extensions ['colcon_meta']
[0.297s] Level 1:colcon.colcon_core.package_identification:_identify(src/my_robot_interfaces) by extension 'colcon_meta'
[0.297s] Level 1:colcon.colcon_core.package_identification:_identify(src/my_robot_interfaces) by extensions ['ros']
[0.297s] Level 1:colcon.colcon_core.package_identification:_identify(src/my_robot_interfaces) by extension 'ros'
[0.297s] DEBUG:colcon.colcon_core.package_identification:Package 'src/my_robot_interfaces' with type 'ros.ament_cmake' and name 'my_robot_interfaces'
[0.297s] Level 1:colcon.colcon_core.package_discovery:discover_packages(recursive) using defaults
[0.298s] Level 1:colcon.colcon_core.package_discovery:discover_packages(ignore) discover
[0.298s] Level 1:colcon.colcon_core.package_discovery:discover_packages(ignore) using defaults
[0.298s] Level 1:colcon.colcon_core.package_discovery:discover_packages(path) discover
[0.298s] Level 1:colcon.colcon_core.package_discovery:discover_packages(path) using defaults
[0.320s] Level 1:colcon.colcon_core.package_discovery:discover_packages(prefix_path) check parameters
[0.320s] Level 1:colcon.colcon_core.package_discovery:discover_packages(prefix_path) discover
[0.322s] DEBUG:colcon.colcon_installed_package_information.package_discovery:Found 2 installed packages in /home/miles_ma/ROS2_learning/ros2_ws/install
[0.323s] DEBUG:colcon.colcon_installed_package_information.package_discovery:Found 313 installed packages in /opt/ros/humble
[0.324s] Level 1:colcon.colcon_core.package_discovery:discover_packages(prefix_path) using defaults
[0.360s] Level 5:colcon.colcon_core.verb:set package 'my_robot_interfaces' build argument 'cmake_args' from command line to 'None'
[0.360s] Level 5:colcon.colcon_core.verb:set package 'my_robot_interfaces' build argument 'cmake_target' from command line to 'None'
[0.360s] Level 5:colcon.colcon_core.verb:set package 'my_robot_interfaces' build argument 'cmake_target_skip_unavailable' from command line to 'False'
[0.360s] Level 5:colcon.colcon_core.verb:set package 'my_robot_interfaces' build argument 'cmake_clean_cache' from command line to 'False'
[0.360s] Level 5:colcon.colcon_core.verb:set package 'my_robot_interfaces' build argument 'cmake_clean_first' from command line to 'False'
[0.360s] Level 5:colcon.colcon_core.verb:set package 'my_robot_interfaces' build argument 'cmake_force_configure' from command line to 'False'
[0.360s] Level 5:colcon.colcon_core.verb:set package 'my_robot_interfaces' build argument 'ament_cmake_args' from command line to 'None'
[0.360s] Level 5:colcon.colcon_core.verb:set package 'my_robot_interfaces' build argument 'catkin_cmake_args' from command line to 'None'
[0.360s] Level 5:colcon.colcon_core.verb:set package 'my_robot_interfaces' build argument 'catkin_skip_building_tests' from command line to 'False'
[0.360s] DEBUG:colcon.colcon_core.verb:Building package 'my_robot_interfaces' with the following arguments: {'ament_cmake_args': None, 'build_base': '/home/miles_ma/ROS2_learning/ros2_ws/build/my_robot_interfaces', 'catkin_cmake_args': None, 'catkin_skip_building_tests': False, 'cmake_args': None, 'cmake_clean_cache': False, 'cmake_clean_first': False, 'cmake_force_configure': False, 'cmake_target': None, 'cmake_target_skip_unavailable': False, 'install_base': '/home/miles_ma/ROS2_learning/ros2_ws/install/my_robot_interfaces', 'merge_install': False, 'path': '/home/miles_ma/ROS2_learning/ros2_ws/src/my_robot_interfaces', 'symlink_install': False, 'test_result_base': None}
[0.360s] Level 5:colcon.colcon_core.verb:set package 'my_py_pkg' build argument 'cmake_args' from command line to 'None'
[0.360s] Level 5:colcon.colcon_core.verb:set package 'my_py_pkg' build argument 'cmake_target' from command line to 'None'
[0.360s] Level 5:colcon.colcon_core.verb:set package 'my_py_pkg' build argument 'cmake_target_skip_unavailable' from command line to 'False'
[0.360s] Level 5:colcon.colcon_core.verb:set package 'my_py_pkg' build argument 'cmake_clean_cache' from command line to 'False'
[0.360s] Level 5:colcon.colcon_core.verb:set package 'my_py_pkg' build argument 'cmake_clean_first' from command line to 'False'
[0.360s] Level 5:colcon.colcon_core.verb:set package 'my_py_pkg' build argument 'cmake_force_configure' from command line to 'False'
[0.360s] Level 5:colcon.colcon_core.verb:set package 'my_py_pkg' build argument 'ament_cmake_args' from command line to 'None'
[0.360s] Level 5:colcon.colcon_core.verb:set package 'my_py_pkg' build argument 'catkin_cmake_args' from command line to 'None'
[0.360s] Level 5:colcon.colcon_core.verb:set package 'my_py_pkg' build argument 'catkin_skip_building_tests' from command line to 'False'
[0.361s] DEBUG:colcon.colcon_core.verb:Building package 'my_py_pkg' with the following arguments: {'ament_cmake_args': None, 'build_base': '/home/miles_ma/ROS2_learning/ros2_ws/build/my_py_pkg', 'catkin_cmake_args': None, 'catkin_skip_building_tests': False, 'cmake_args': None, 'cmake_clean_cache': False, 'cmake_clean_first': False, 'cmake_force_configure': False, 'cmake_target': None, 'cmake_target_skip_unavailable': False, 'install_base': '/home/miles_ma/ROS2_learning/ros2_ws/install/my_py_pkg', 'merge_install': False, 'path': '/home/miles_ma/ROS2_learning/ros2_ws/src/my_py_pkg', 'symlink_install': False, 'test_result_base': None}
[0.361s] INFO:colcon.colcon_core.executor:Executing jobs using 'parallel' executor
[0.361s] DEBUG:colcon.colcon_parallel_executor.executor.parallel:run_until_complete
[0.362s] INFO:colcon.colcon_ros.task.ament_cmake.build:Building ROS package in '/home/miles_ma/ROS2_learning/ros2_ws/src/my_robot_interfaces' with build type 'ament_cmake'
[0.362s] INFO:colcon.colcon_cmake.task.cmake.build:Building CMake package in '/home/miles_ma/ROS2_learning/ros2_ws/src/my_robot_interfaces'
[0.364s] INFO:colcon.colcon_core.plugin_system:Skipping extension 'colcon_core.shell.bat': Not used on non-Windows systems
[0.364s] INFO:colcon.colcon_core.shell:Skip shell extension 'powershell' for command environment: Not usable outside of PowerShell
[0.364s] DEBUG:colcon.colcon_core.shell:Skip shell extension 'dsv' for command environment
[0.372s] DEBUG:colcon.colcon_core.event_handler.log_command:Invoking command in '/home/miles_ma/ROS2_learning/ros2_ws/build/my_robot_interfaces': CMAKE_PREFIX_PATH=${CMAKE_PREFIX_PATH}:/home/miles_ma/ROS2_learning/ros2_ws/install/my_py_pkg:/opt/ros/humble /usr/bin/cmake --build /home/miles_ma/ROS2_learning/ros2_ws/build/my_robot_interfaces -- -j12 -l12
[4.138s] DEBUG:colcon.colcon_core.event_handler.log_command:Invoked command in '/home/miles_ma/ROS2_learning/ros2_ws/build/my_robot_interfaces' returned '0': CMAKE_PREFIX_PATH=${CMAKE_PREFIX_PATH}:/home/miles_ma/ROS2_learning/ros2_ws/install/my_py_pkg:/opt/ros/humble /usr/bin/cmake --build /home/miles_ma/ROS2_learning/ros2_ws/build/my_robot_interfaces -- -j12 -l12
[4.248s] DEBUG:colcon.colcon_core.event_handler.log_command:Invoking command in '/home/miles_ma/ROS2_learning/ros2_ws/build/my_robot_interfaces': CMAKE_PREFIX_PATH=${CMAKE_PREFIX_PATH}:/home/miles_ma/ROS2_learning/ros2_ws/install/my_py_pkg:/opt/ros/humble /usr/bin/cmake --install /home/miles_ma/ROS2_learning/ros2_ws/build/my_robot_interfaces
[4.316s] Level 1:colcon.colcon_core.environment:create_environment_scripts_only(my_robot_interfaces)
[4.320s] DEBUG:colcon.colcon_core.event_handler.log_command:Invoked command in '/home/miles_ma/ROS2_learning/ros2_ws/build/my_robot_interfaces' returned '0': CMAKE_PREFIX_PATH=${CMAKE_PREFIX_PATH}:/home/miles_ma/ROS2_learning/ros2_ws/install/my_py_pkg:/opt/ros/humble /usr/bin/cmake --install /home/miles_ma/ROS2_learning/ros2_ws/build/my_robot_interfaces
[4.321s] Level 1:colcon.colcon_core.environment:checking '/home/miles_ma/ROS2_learning/ros2_ws/install/my_robot_interfaces' for CMake module files
[4.322s] Level 1:colcon.colcon_core.environment:checking '/home/miles_ma/ROS2_learning/ros2_ws/install/my_robot_interfaces' for CMake config files
[4.322s] Level 1:colcon.colcon_core.shell:create_environment_hook('my_robot_interfaces', 'cmake_prefix_path')
[4.322s] INFO:colcon.colcon_core.shell:Creating environment hook '/home/miles_ma/ROS2_learning/ros2_ws/install/my_robot_interfaces/share/my_robot_interfaces/hook/cmake_prefix_path.ps1'
[4.323s] INFO:colcon.colcon_core.shell:Creating environment descriptor '/home/miles_ma/ROS2_learning/ros2_ws/install/my_robot_interfaces/share/my_robot_interfaces/hook/cmake_prefix_path.dsv'
[4.323s] INFO:colcon.colcon_core.shell:Creating environment hook '/home/miles_ma/ROS2_learning/ros2_ws/install/my_robot_interfaces/share/my_robot_interfaces/hook/cmake_prefix_path.sh'
[4.324s] Level 1:colcon.colcon_core.environment:checking '/home/miles_ma/ROS2_learning/ros2_ws/install/my_robot_interfaces/lib'
[4.324s] Level 1:colcon.colcon_core.shell:create_environment_hook('my_robot_interfaces', 'ld_library_path_lib')
[4.324s] INFO:colcon.colcon_core.shell:Creating environment hook '/home/miles_ma/ROS2_learning/ros2_ws/install/my_robot_interfaces/share/my_robot_interfaces/hook/ld_library_path_lib.ps1'
[4.324s] INFO:colcon.colcon_core.shell:Creating environment descriptor '/home/miles_ma/ROS2_learning/ros2_ws/install/my_robot_interfaces/share/my_robot_interfaces/hook/ld_library_path_lib.dsv'
[4.325s] INFO:colcon.colcon_core.shell:Creating environment hook '/home/miles_ma/ROS2_learning/ros2_ws/install/my_robot_interfaces/share/my_robot_interfaces/hook/ld_library_path_lib.sh'
[4.325s] Level 1:colcon.colcon_core.environment:checking '/home/miles_ma/ROS2_learning/ros2_ws/install/my_robot_interfaces/bin'
[4.325s] Level 1:colcon.colcon_core.environment:checking '/home/miles_ma/ROS2_learning/ros2_ws/install/my_robot_interfaces/lib/pkgconfig/my_robot_interfaces.pc'
[4.325s] Level 1:colcon.colcon_core.environment:checking '/home/miles_ma/ROS2_learning/ros2_ws/install/my_robot_interfaces/lib/python3.10/site-packages'
[4.325s] Level 1:colcon.colcon_core.environment:checking '/home/miles_ma/ROS2_learning/ros2_ws/install/my_robot_interfaces/bin'
[4.325s] INFO:colcon.colcon_core.shell:Creating package script '/home/miles_ma/ROS2_learning/ros2_ws/install/my_robot_interfaces/share/my_robot_interfaces/package.ps1'
[4.326s] INFO:colcon.colcon_core.shell:Creating package descriptor '/home/miles_ma/ROS2_learning/ros2_ws/install/my_robot_interfaces/share/my_robot_interfaces/package.dsv'
[4.326s] INFO:colcon.colcon_core.shell:Creating package script '/home/miles_ma/ROS2_learning/ros2_ws/install/my_robot_interfaces/share/my_robot_interfaces/package.sh'
[4.327s] INFO:colcon.colcon_core.shell:Creating package script '/home/miles_ma/ROS2_learning/ros2_ws/install/my_robot_interfaces/share/my_robot_interfaces/package.bash'
[4.327s] INFO:colcon.colcon_core.shell:Creating package script '/home/miles_ma/ROS2_learning/ros2_ws/install/my_robot_interfaces/share/my_robot_interfaces/package.zsh'
[4.328s] Level 1:colcon.colcon_core.environment:create_file_with_runtime_dependencies(/home/miles_ma/ROS2_learning/ros2_ws/install/my_robot_interfaces/share/colcon-core/packages/my_robot_interfaces)
[4.433s] Level 1:colcon.colcon_core.environment:create_environment_scripts_only(my_robot_interfaces)
[4.433s] Level 1:colcon.colcon_core.environment:checking '/home/miles_ma/ROS2_learning/ros2_ws/install/my_robot_interfaces' for CMake module files
[4.434s] Level 1:colcon.colcon_core.environment:checking '/home/miles_ma/ROS2_learning/ros2_ws/install/my_robot_interfaces' for CMake config files
[4.434s] Level 1:colcon.colcon_core.shell:create_environment_hook('my_robot_interfaces', 'cmake_prefix_path')
[4.434s] INFO:colcon.colcon_core.shell:Creating environment hook '/home/miles_ma/ROS2_learning/ros2_ws/install/my_robot_interfaces/share/my_robot_interfaces/hook/cmake_prefix_path.ps1'
[4.435s] INFO:colcon.colcon_core.shell:Creating environment descriptor '/home/miles_ma/ROS2_learning/ros2_ws/install/my_robot_interfaces/share/my_robot_interfaces/hook/cmake_prefix_path.dsv'
[4.435s] INFO:colcon.colcon_core.shell:Creating environment hook '/home/miles_ma/ROS2_learning/ros2_ws/install/my_robot_interfaces/share/my_robot_interfaces/hook/cmake_prefix_path.sh'
[4.435s] Level 1:colcon.colcon_core.environment:checking '/home/miles_ma/ROS2_learning/ros2_ws/install/my_robot_interfaces/lib'
[4.435s] Level 1:colcon.colcon_core.shell:create_environment_hook('my_robot_interfaces', 'ld_library_path_lib')
[4.436s] INFO:colcon.colcon_core.shell:Creating environment hook '/home/miles_ma/ROS2_learning/ros2_ws/install/my_robot_interfaces/share/my_robot_interfaces/hook/ld_library_path_lib.ps1'
[4.436s] INFO:colcon.colcon_core.shell:Creating environment descriptor '/home/miles_ma/ROS2_learning/ros2_ws/install/my_robot_interfaces/share/my_robot_interfaces/hook/ld_library_path_lib.dsv'
[4.436s] INFO:colcon.colcon_core.shell:Creating environment hook '/home/miles_ma/ROS2_learning/ros2_ws/install/my_robot_interfaces/share/my_robot_interfaces/hook/ld_library_path_lib.sh'
[4.436s] Level 1:colcon.colcon_core.environment:checking '/home/miles_ma/ROS2_learning/ros2_ws/install/my_robot_interfaces/bin'
[4.436s] Level 1:colcon.colcon_core.environment:checking '/home/miles_ma/ROS2_learning/ros2_ws/install/my_robot_interfaces/lib/pkgconfig/my_robot_interfaces.pc'
[4.436s] Level 1:colcon.colcon_core.environment:checking '/home/miles_ma/ROS2_learning/ros2_ws/install/my_robot_interfaces/lib/python3.10/site-packages'
[4.437s] Level 1:colcon.colcon_core.environment:checking '/home/miles_ma/ROS2_learning/ros2_ws/install/my_robot_interfaces/bin'
[4.437s] INFO:colcon.colcon_core.shell:Creating package script '/home/miles_ma/ROS2_learning/ros2_ws/install/my_robot_interfaces/share/my_robot_interfaces/package.ps1'
[4.437s] INFO:colcon.colcon_core.shell:Creating package descriptor '/home/miles_ma/ROS2_learning/ros2_ws/install/my_robot_interfaces/share/my_robot_interfaces/package.dsv'
[4.438s] INFO:colcon.colcon_core.shell:Creating package script '/home/miles_ma/ROS2_learning/ros2_ws/install/my_robot_interfaces/share/my_robot_interfaces/package.sh'
[4.438s] INFO:colcon.colcon_core.shell:Creating package script '/home/miles_ma/ROS2_learning/ros2_ws/install/my_robot_interfaces/share/my_robot_interfaces/package.bash'
[4.438s] INFO:colcon.colcon_core.shell:Creating package script '/home/miles_ma/ROS2_learning/ros2_ws/install/my_robot_interfaces/share/my_robot_interfaces/package.zsh'
[4.439s] Level 1:colcon.colcon_core.environment:create_file_with_runtime_dependencies(/home/miles_ma/ROS2_learning/ros2_ws/install/my_robot_interfaces/share/colcon-core/packages/my_robot_interfaces)
[4.439s] INFO:colcon.colcon_ros.task.ament_python.build:Building ROS package in '/home/miles_ma/ROS2_learning/ros2_ws/src/my_py_pkg' with build type 'ament_python'
[4.439s] Level 1:colcon.colcon_core.shell:create_environment_hook('my_py_pkg', 'ament_prefix_path')
[4.439s] INFO:colcon.colcon_core.shell:Creating environment hook '/home/miles_ma/ROS2_learning/ros2_ws/install/my_py_pkg/share/my_py_pkg/hook/ament_prefix_path.ps1'
[4.440s] INFO:colcon.colcon_core.shell:Creating environment descriptor '/home/miles_ma/ROS2_learning/ros2_ws/install/my_py_pkg/share/my_py_pkg/hook/ament_prefix_path.dsv'
[4.441s] INFO:colcon.colcon_core.shell:Creating environment hook '/home/miles_ma/ROS2_learning/ros2_ws/install/my_py_pkg/share/my_py_pkg/hook/ament_prefix_path.sh'
[4.441s] INFO:colcon.colcon_core.shell:Skip shell extension 'powershell' for command environment: Not usable outside of PowerShell
[4.441s] DEBUG:colcon.colcon_core.shell:Skip shell extension 'dsv' for command environment
[4.703s] INFO:colcon.colcon_core.task.python.build:Building Python package in '/home/miles_ma/ROS2_learning/ros2_ws/src/my_py_pkg'
[4.703s] INFO:colcon.colcon_core.shell:Skip shell extension 'powershell' for command environment: Not usable outside of PowerShell
[4.703s] DEBUG:colcon.colcon_core.shell:Skip shell extension 'dsv' for command environment
[5.053s] DEBUG:colcon.colcon_core.event_handler.log_command:Invoking command in '/home/miles_ma/ROS2_learning/ros2_ws/src/my_py_pkg': PYTHONPATH=/home/miles_ma/ROS2_learning/ros2_ws/build/my_py_pkg/prefix_override:/home/miles_ma/ROS2_learning/ros2_ws/install/my_py_pkg/lib/python3.10/site-packages:${PYTHONPATH} /usr/bin/python3 -W ignore:setup.py install is deprecated setup.py egg_info --egg-base ../../build/my_py_pkg build --build-base /home/miles_ma/ROS2_learning/ros2_ws/build/my_py_pkg/build install --record /home/miles_ma/ROS2_learning/ros2_ws/build/my_py_pkg/install.log --single-version-externally-managed install_data
[5.313s] Level 1:colcon.colcon_core.environment:checking '/home/miles_ma/ROS2_learning/ros2_ws/install/my_py_pkg' for CMake module files
[5.314s] DEBUG:colcon.colcon_core.event_handler.log_command:Invoked command in '/home/miles_ma/ROS2_learning/ros2_ws/src/my_py_pkg' returned '0': PYTHONPATH=/home/miles_ma/ROS2_learning/ros2_ws/build/my_py_pkg/prefix_override:/home/miles_ma/ROS2_learning/ros2_ws/install/my_py_pkg/lib/python3.10/site-packages:${PYTHONPATH} /usr/bin/python3 -W ignore:setup.py install is deprecated setup.py egg_info --egg-base ../../build/my_py_pkg build --build-base /home/miles_ma/ROS2_learning/ros2_ws/build/my_py_pkg/build install --record /home/miles_ma/ROS2_learning/ros2_ws/build/my_py_pkg/install.log --single-version-externally-managed install_data
[5.314s] Level 1:colcon.colcon_core.environment:checking '/home/miles_ma/ROS2_learning/ros2_ws/install/my_py_pkg' for CMake config files
[5.315s] Level 1:colcon.colcon_core.environment:checking '/home/miles_ma/ROS2_learning/ros2_ws/install/my_py_pkg/lib'
[5.315s] Level 1:colcon.colcon_core.environment:checking '/home/miles_ma/ROS2_learning/ros2_ws/install/my_py_pkg/bin'
[5.315s] Level 1:colcon.colcon_core.environment:checking '/home/miles_ma/ROS2_learning/ros2_ws/install/my_py_pkg/lib/pkgconfig/my_py_pkg.pc'
[5.315s] Level 1:colcon.colcon_core.environment:checking '/home/miles_ma/ROS2_learning/ros2_ws/install/my_py_pkg/lib/python3.10/site-packages'
[5.315s] Level 1:colcon.colcon_core.shell:create_environment_hook('my_py_pkg', 'pythonpath')
[5.315s] INFO:colcon.colcon_core.shell:Creating environment hook '/home/miles_ma/ROS2_learning/ros2_ws/install/my_py_pkg/share/my_py_pkg/hook/pythonpath.ps1'
[5.316s] INFO:colcon.colcon_core.shell:Creating environment descriptor '/home/miles_ma/ROS2_learning/ros2_ws/install/my_py_pkg/share/my_py_pkg/hook/pythonpath.dsv'
[5.316s] INFO:colcon.colcon_core.shell:Creating environment hook '/home/miles_ma/ROS2_learning/ros2_ws/install/my_py_pkg/share/my_py_pkg/hook/pythonpath.sh'
[5.316s] Level 1:colcon.colcon_core.environment:checking '/home/miles_ma/ROS2_learning/ros2_ws/install/my_py_pkg/bin'
[5.316s] Level 1:colcon.colcon_core.environment:create_environment_scripts_only(my_py_pkg)
[5.316s] INFO:colcon.colcon_core.shell:Creating package script '/home/miles_ma/ROS2_learning/ros2_ws/install/my_py_pkg/share/my_py_pkg/package.ps1'
[5.317s] INFO:colcon.colcon_core.shell:Creating package descriptor '/home/miles_ma/ROS2_learning/ros2_ws/install/my_py_pkg/share/my_py_pkg/package.dsv'
[5.317s] INFO:colcon.colcon_core.shell:Creating package script '/home/miles_ma/ROS2_learning/ros2_ws/install/my_py_pkg/share/my_py_pkg/package.sh'
[5.317s] INFO:colcon.colcon_core.shell:Creating package script '/home/miles_ma/ROS2_learning/ros2_ws/install/my_py_pkg/share/my_py_pkg/package.bash'
[5.318s] INFO:colcon.colcon_core.shell:Creating package script '/home/miles_ma/ROS2_learning/ros2_ws/install/my_py_pkg/share/my_py_pkg/package.zsh'
[5.318s] Level 1:colcon.colcon_core.environment:create_file_with_runtime_dependencies(/home/miles_ma/ROS2_learning/ros2_ws/install/my_py_pkg/share/colcon-core/packages/my_py_pkg)
[5.318s] DEBUG:colcon.colcon_parallel_executor.executor.parallel:closing loop
[5.318s] DEBUG:colcon.colcon_parallel_executor.executor.parallel:loop closed
[5.318s] DEBUG:colcon.colcon_parallel_executor.executor.parallel:run_until_complete finished with '0'
[5.319s] DEBUG:colcon.colcon_core.event_reactor:joining thread
[5.338s] INFO:colcon.colcon_core.plugin_system:Skipping extension 'colcon_notification.desktop_notification.notify_send': Could not find 'notify-send'
[5.338s] INFO:colcon.colcon_core.plugin_system:Skipping extension 'colcon_notification.desktop_notification.terminal_notifier': Not used on non-Darwin systems
[5.338s] INFO:colcon.colcon_core.plugin_system:Skipping extension 'colcon_notification.desktop_notification.win32': Not used on non-Windows systems
[5.338s] INFO:colcon.colcon_notification.desktop_notification:Sending desktop notification using 'notify2'
[5.338s] DEBUG:colcon.colcon_notification.desktop_notification.notify2:Failed to initialize notify2: org.freedesktop.DBus.Error.FileNotFound: Failed to connect to socket /run/user/1000/bus: No such file or directory
[5.338s] DEBUG:colcon.colcon_core.event_reactor:joined thread
[5.339s] INFO:colcon.colcon_core.shell:Creating prefix script '/home/miles_ma/ROS2_learning/ros2_ws/install/local_setup.ps1'
[5.339s] INFO:colcon.colcon_core.shell:Creating prefix util module '/home/miles_ma/ROS2_learning/ros2_ws/install/_local_setup_util_ps1.py'
[5.340s] INFO:colcon.colcon_core.shell:Creating prefix chain script '/home/miles_ma/ROS2_learning/ros2_ws/install/setup.ps1'
[5.341s] INFO:colcon.colcon_core.shell:Creating prefix script '/home/miles_ma/ROS2_learning/ros2_ws/install/local_setup.sh'
[5.342s] INFO:colcon.colcon_core.shell:Creating prefix util module '/home/miles_ma/ROS2_learning/ros2_ws/install/_local_setup_util_sh.py'
[5.342s] INFO:colcon.colcon_core.shell:Creating prefix chain script '/home/miles_ma/ROS2_learning/ros2_ws/install/setup.sh'
[5.343s] INFO:colcon.colcon_core.shell:Creating prefix script '/home/miles_ma/ROS2_learning/ros2_ws/install/local_setup.bash'
[5.343s] INFO:colcon.colcon_core.shell:Creating prefix chain script '/home/miles_ma/ROS2_learning/ros2_ws/install/setup.bash'
[5.344s] INFO:colcon.colcon_core.shell:Creating prefix script '/home/miles_ma/ROS2_learning/ros2_ws/install/local_setup.zsh'
[5.345s] INFO:colcon.colcon_core.shell:Creating prefix chain script '/home/miles_ma/ROS2_learning/ros2_ws/install/setup.zsh'
