[0.598s] Invoking command in '/home/miles_ma/ROS2_learning/ros2_ws/src/my_py_pkg': PYTHONPATH=/home/miles_ma/ROS2_learning/ros2_ws/build/my_py_pkg/prefix_override:/home/miles_ma/ROS2_learning/ros2_ws/install/my_py_pkg/lib/python3.10/site-packages:${PYTHONPATH} /usr/bin/python3 -W ignore:setup.py install is deprecated setup.py egg_info --egg-base ../../build/my_py_pkg build --build-base /home/miles_ma/ROS2_learning/ros2_ws/build/my_py_pkg/build install --record /home/miles_ma/ROS2_learning/ros2_ws/build/my_py_pkg/install.log --single-version-externally-managed install_data
[0.802s] running egg_info
[0.803s] writing ../../build/my_py_pkg/my_py_pkg.egg-info/PKG-INFO
[0.803s] writing dependency_links to ../../build/my_py_pkg/my_py_pkg.egg-info/dependency_links.txt
[0.803s] writing entry points to ../../build/my_py_pkg/my_py_pkg.egg-info/entry_points.txt
[0.804s] writing requirements to ../../build/my_py_pkg/my_py_pkg.egg-info/requires.txt
[0.804s] writing top-level names to ../../build/my_py_pkg/my_py_pkg.egg-info/top_level.txt
[0.805s] reading manifest file '../../build/my_py_pkg/my_py_pkg.egg-info/SOURCES.txt'
[0.806s] writing manifest file '../../build/my_py_pkg/my_py_pkg.egg-info/SOURCES.txt'
[0.806s] running build
[0.806s] running build_py
[0.806s] copying my_py_pkg/led_panel.py -> /home/miles_ma/ROS2_learning/ros2_ws/build/my_py_pkg/build/lib/my_py_pkg
[0.807s] copying my_py_pkg/battery.py -> /home/miles_ma/ROS2_learning/ros2_ws/build/my_py_pkg/build/lib/my_py_pkg
[0.807s] running install
[0.807s] running install_lib
[0.808s] copying /home/miles_ma/ROS2_learning/ros2_ws/build/my_py_pkg/build/lib/my_py_pkg/led_panel.py -> /home/miles_ma/ROS2_learning/ros2_ws/install/my_py_pkg/lib/python3.10/site-packages/my_py_pkg
[0.808s] copying /home/miles_ma/ROS2_learning/ros2_ws/build/my_py_pkg/build/lib/my_py_pkg/battery.py -> /home/miles_ma/ROS2_learning/ros2_ws/install/my_py_pkg/lib/python3.10/site-packages/my_py_pkg
[0.809s] byte-compiling /home/miles_ma/ROS2_learning/ros2_ws/install/my_py_pkg/lib/python3.10/site-packages/my_py_pkg/led_panel.py to led_panel.cpython-310.pyc
[0.809s] byte-compiling /home/miles_ma/ROS2_learning/ros2_ws/install/my_py_pkg/lib/python3.10/site-packages/my_py_pkg/battery.py to battery.cpython-310.pyc
[0.810s] running install_data
[0.810s] running install_egg_info
[0.811s] removing '/home/miles_ma/ROS2_learning/ros2_ws/install/my_py_pkg/lib/python3.10/site-packages/my_py_pkg-0.0.0-py3.10.egg-info' (and everything under it)
[0.812s] Copying ../../build/my_py_pkg/my_py_pkg.egg-info to /home/miles_ma/ROS2_learning/ros2_ws/install/my_py_pkg/lib/python3.10/site-packages/my_py_pkg-0.0.0-py3.10.egg-info
[0.812s] running install_scripts
[0.828s] Installing add_two_ints_client script to /home/miles_ma/ROS2_learning/ros2_ws/install/my_py_pkg/lib/my_py_pkg
[0.828s] Installing add_two_ints_client_no_oop script to /home/miles_ma/ROS2_learning/ros2_ws/install/my_py_pkg/lib/my_py_pkg
[0.828s] Installing add_two_ints_server script to /home/miles_ma/ROS2_learning/ros2_ws/install/my_py_pkg/lib/my_py_pkg
[0.829s] Installing battery script to /home/miles_ma/ROS2_learning/ros2_ws/install/my_py_pkg/lib/my_py_pkg
[0.829s] Installing hw_status_publisher script to /home/miles_ma/ROS2_learning/ros2_ws/install/my_py_pkg/lib/my_py_pkg
[0.829s] Installing led_panel script to /home/miles_ma/ROS2_learning/ros2_ws/install/my_py_pkg/lib/my_py_pkg
[0.829s] Installing number_counter script to /home/miles_ma/ROS2_learning/ros2_ws/install/my_py_pkg/lib/my_py_pkg
[0.830s] Installing number_publisher script to /home/miles_ma/ROS2_learning/ros2_ws/install/my_py_pkg/lib/my_py_pkg
[0.830s] Installing py_node script to /home/miles_ma/ROS2_learning/ros2_ws/install/my_py_pkg/lib/my_py_pkg
[0.830s] Installing robot_news_station script to /home/miles_ma/ROS2_learning/ros2_ws/install/my_py_pkg/lib/my_py_pkg
[0.830s] Installing smartphone script to /home/miles_ma/ROS2_learning/ros2_ws/install/my_py_pkg/lib/my_py_pkg
[0.830s] writing list of installed files to '/home/miles_ma/ROS2_learning/ros2_ws/build/my_py_pkg/install.log'
[0.849s] Invoked command in '/home/miles_ma/ROS2_learning/ros2_ws/src/my_py_pkg' returned '0': PYTHONPATH=/home/miles_ma/ROS2_learning/ros2_ws/build/my_py_pkg/prefix_override:/home/miles_ma/ROS2_learning/ros2_ws/install/my_py_pkg/lib/python3.10/site-packages:${PYTHONPATH} /usr/bin/python3 -W ignore:setup.py install is deprecated setup.py egg_info --egg-base ../../build/my_py_pkg build --build-base /home/miles_ma/ROS2_learning/ros2_ws/build/my_py_pkg/build install --record /home/miles_ma/ROS2_learning/ros2_ws/build/my_py_pkg/install.log --single-version-externally-managed install_data
