[0.618s] Invoking command in '/home/miles_ma/ROS2_learning/ros2_ws/build/my_py_pkg': PYTHONPATH=/home/miles_ma/ROS2_learning/ros2_ws/build/my_py_pkg/prefix_override:/home/miles_ma/ROS2_learning/ros2_ws/install/my_py_pkg/lib/python3.10/site-packages:${PYTHONPATH} /usr/bin/python3 -W ignore:setup.py install is deprecated setup.py develop --uninstall --editable --build-directory /home/miles_ma/ROS2_learning/ros2_ws/build/my_py_pkg/build
[0.832s] running develop
[0.965s] Removing /home/miles_ma/ROS2_learning/ros2_ws/install/my_py_pkg/lib/python3.10/site-packages/my-py-pkg.egg-link (link to .)
[0.984s] Invoked command in '/home/miles_ma/ROS2_learning/ros2_ws/build/my_py_pkg' returned '0': PYTHONPATH=/home/miles_ma/ROS2_learning/ros2_ws/build/my_py_pkg/prefix_override:/home/miles_ma/ROS2_learning/ros2_ws/install/my_py_pkg/lib/python3.10/site-packages:${PYTHONPATH} /usr/bin/python3 -W ignore:setup.py install is deprecated setup.py develop --uninstall --editable --build-directory /home/miles_ma/ROS2_learning/ros2_ws/build/my_py_pkg/build
[0.988s] Invoking command in '/home/miles_ma/ROS2_learning/ros2_ws/src/my_py_pkg': PYTHONPATH=/home/miles_ma/ROS2_learning/ros2_ws/build/my_py_pkg/prefix_override:/home/miles_ma/ROS2_learning/ros2_ws/install/my_py_pkg/lib/python3.10/site-packages:${PYTHONPATH} /usr/bin/python3 -W ignore:setup.py install is deprecated setup.py egg_info --egg-base ../../build/my_py_pkg build --build-base /home/miles_ma/ROS2_learning/ros2_ws/build/my_py_pkg/build install --record /home/miles_ma/ROS2_learning/ros2_ws/build/my_py_pkg/install.log --single-version-externally-managed install_data --force
[1.196s] running egg_info
[1.197s] writing ../../build/my_py_pkg/my_py_pkg.egg-info/PKG-INFO
[1.197s] writing dependency_links to ../../build/my_py_pkg/my_py_pkg.egg-info/dependency_links.txt
[1.197s] writing entry points to ../../build/my_py_pkg/my_py_pkg.egg-info/entry_points.txt
[1.197s] writing requirements to ../../build/my_py_pkg/my_py_pkg.egg-info/requires.txt
[1.197s] writing top-level names to ../../build/my_py_pkg/my_py_pkg.egg-info/top_level.txt
[1.199s] reading manifest file '../../build/my_py_pkg/my_py_pkg.egg-info/SOURCES.txt'
[1.199s] writing manifest file '../../build/my_py_pkg/my_py_pkg.egg-info/SOURCES.txt'
[1.200s] running build
[1.200s] running build_py
[1.201s] copying my_py_pkg/template_python_node copy.py -> /home/miles_ma/ROS2_learning/ros2_ws/build/my_py_pkg/build/lib/my_py_pkg
[1.201s] copying my_py_pkg/battery.py -> /home/miles_ma/ROS2_learning/ros2_ws/build/my_py_pkg/build/lib/my_py_pkg
[1.202s] copying my_py_pkg/hw_status_publisher.py -> /home/miles_ma/ROS2_learning/ros2_ws/build/my_py_pkg/build/lib/my_py_pkg
[1.202s] copying my_py_pkg/LED_panel.py -> /home/miles_ma/ROS2_learning/ros2_ws/build/my_py_pkg/build/lib/my_py_pkg
[1.202s] running install
[1.203s] running install_lib
[1.203s] creating /home/miles_ma/ROS2_learning/ros2_ws/install/my_py_pkg/lib/python3.10/site-packages/my_py_pkg
[1.203s] copying /home/miles_ma/ROS2_learning/ros2_ws/build/my_py_pkg/build/lib/my_py_pkg/template_python_node.py -> /home/miles_ma/ROS2_learning/ros2_ws/install/my_py_pkg/lib/python3.10/site-packages/my_py_pkg
[1.204s] copying /home/miles_ma/ROS2_learning/ros2_ws/build/my_py_pkg/build/lib/my_py_pkg/robot_news_station.py -> /home/miles_ma/ROS2_learning/ros2_ws/install/my_py_pkg/lib/python3.10/site-packages/my_py_pkg
[1.204s] copying /home/miles_ma/ROS2_learning/ros2_ws/build/my_py_pkg/build/lib/my_py_pkg/my_first_node.py -> /home/miles_ma/ROS2_learning/ros2_ws/install/my_py_pkg/lib/python3.10/site-packages/my_py_pkg
[1.205s] copying /home/miles_ma/ROS2_learning/ros2_ws/build/my_py_pkg/build/lib/my_py_pkg/number_publisher.py -> /home/miles_ma/ROS2_learning/ros2_ws/install/my_py_pkg/lib/python3.10/site-packages/my_py_pkg
[1.205s] copying /home/miles_ma/ROS2_learning/ros2_ws/build/my_py_pkg/build/lib/my_py_pkg/__init__.py -> /home/miles_ma/ROS2_learning/ros2_ws/install/my_py_pkg/lib/python3.10/site-packages/my_py_pkg
[1.205s] copying /home/miles_ma/ROS2_learning/ros2_ws/build/my_py_pkg/build/lib/my_py_pkg/number_counter.py -> /home/miles_ma/ROS2_learning/ros2_ws/install/my_py_pkg/lib/python3.10/site-packages/my_py_pkg
[1.206s] copying /home/miles_ma/ROS2_learning/ros2_ws/build/my_py_pkg/build/lib/my_py_pkg/add_two_ints_client_no_oop.py -> /home/miles_ma/ROS2_learning/ros2_ws/install/my_py_pkg/lib/python3.10/site-packages/my_py_pkg
[1.206s] copying /home/miles_ma/ROS2_learning/ros2_ws/build/my_py_pkg/build/lib/my_py_pkg/smartphone.py -> /home/miles_ma/ROS2_learning/ros2_ws/install/my_py_pkg/lib/python3.10/site-packages/my_py_pkg
[1.207s] copying /home/miles_ma/ROS2_learning/ros2_ws/build/my_py_pkg/build/lib/my_py_pkg/add_two_ints_client.py -> /home/miles_ma/ROS2_learning/ros2_ws/install/my_py_pkg/lib/python3.10/site-packages/my_py_pkg
[1.207s] copying /home/miles_ma/ROS2_learning/ros2_ws/build/my_py_pkg/build/lib/my_py_pkg/template_python_node copy.py -> /home/miles_ma/ROS2_learning/ros2_ws/install/my_py_pkg/lib/python3.10/site-packages/my_py_pkg
[1.207s] copying /home/miles_ma/ROS2_learning/ros2_ws/build/my_py_pkg/build/lib/my_py_pkg/battery.py -> /home/miles_ma/ROS2_learning/ros2_ws/install/my_py_pkg/lib/python3.10/site-packages/my_py_pkg
[1.208s] copying /home/miles_ma/ROS2_learning/ros2_ws/build/my_py_pkg/build/lib/my_py_pkg/hw_status_publisher.py -> /home/miles_ma/ROS2_learning/ros2_ws/install/my_py_pkg/lib/python3.10/site-packages/my_py_pkg
[1.208s] copying /home/miles_ma/ROS2_learning/ros2_ws/build/my_py_pkg/build/lib/my_py_pkg/add_two_ints_server.py -> /home/miles_ma/ROS2_learning/ros2_ws/install/my_py_pkg/lib/python3.10/site-packages/my_py_pkg
[1.208s] copying /home/miles_ma/ROS2_learning/ros2_ws/build/my_py_pkg/build/lib/my_py_pkg/LED_panel.py -> /home/miles_ma/ROS2_learning/ros2_ws/install/my_py_pkg/lib/python3.10/site-packages/my_py_pkg
[1.208s] byte-compiling /home/miles_ma/ROS2_learning/ros2_ws/install/my_py_pkg/lib/python3.10/site-packages/my_py_pkg/template_python_node.py to template_python_node.cpython-310.pyc
[1.209s] byte-compiling /home/miles_ma/ROS2_learning/ros2_ws/install/my_py_pkg/lib/python3.10/site-packages/my_py_pkg/robot_news_station.py to robot_news_station.cpython-310.pyc
[1.209s] byte-compiling /home/miles_ma/ROS2_learning/ros2_ws/install/my_py_pkg/lib/python3.10/site-packages/my_py_pkg/my_first_node.py to my_first_node.cpython-310.pyc
[1.209s] byte-compiling /home/miles_ma/ROS2_learning/ros2_ws/install/my_py_pkg/lib/python3.10/site-packages/my_py_pkg/number_publisher.py to number_publisher.cpython-310.pyc
[1.210s] byte-compiling /home/miles_ma/ROS2_learning/ros2_ws/install/my_py_pkg/lib/python3.10/site-packages/my_py_pkg/__init__.py to __init__.cpython-310.pyc
[1.210s] byte-compiling /home/miles_ma/ROS2_learning/ros2_ws/install/my_py_pkg/lib/python3.10/site-packages/my_py_pkg/number_counter.py to number_counter.cpython-310.pyc
[1.210s] byte-compiling /home/miles_ma/ROS2_learning/ros2_ws/install/my_py_pkg/lib/python3.10/site-packages/my_py_pkg/add_two_ints_client_no_oop.py to add_two_ints_client_no_oop.cpython-310.pyc
[1.211s] byte-compiling /home/miles_ma/ROS2_learning/ros2_ws/install/my_py_pkg/lib/python3.10/site-packages/my_py_pkg/smartphone.py to smartphone.cpython-310.pyc
[1.211s] byte-compiling /home/miles_ma/ROS2_learning/ros2_ws/install/my_py_pkg/lib/python3.10/site-packages/my_py_pkg/add_two_ints_client.py to add_two_ints_client.cpython-310.pyc
[1.211s] byte-compiling /home/miles_ma/ROS2_learning/ros2_ws/install/my_py_pkg/lib/python3.10/site-packages/my_py_pkg/template_python_node copy.py to template_python_node copy.cpython-310.pyc
[1.211s] byte-compiling /home/miles_ma/ROS2_learning/ros2_ws/install/my_py_pkg/lib/python3.10/site-packages/my_py_pkg/battery.py to battery.cpython-310.pyc
[1.212s] byte-compiling /home/miles_ma/ROS2_learning/ros2_ws/install/my_py_pkg/lib/python3.10/site-packages/my_py_pkg/hw_status_publisher.py to hw_status_publisher.cpython-310.pyc
[1.212s] byte-compiling /home/miles_ma/ROS2_learning/ros2_ws/install/my_py_pkg/lib/python3.10/site-packages/my_py_pkg/add_two_ints_server.py to add_two_ints_server.cpython-310.pyc
[1.212s] byte-compiling /home/miles_ma/ROS2_learning/ros2_ws/install/my_py_pkg/lib/python3.10/site-packages/my_py_pkg/LED_panel.py to LED_panel.cpython-310.pyc
[1.213s] running install_data
[1.213s] copying resource/my_py_pkg -> /home/miles_ma/ROS2_learning/ros2_ws/install/my_py_pkg/share/ament_index/resource_index/packages
[1.213s] copying package.xml -> /home/miles_ma/ROS2_learning/ros2_ws/install/my_py_pkg/share/my_py_pkg
[1.213s] running install_egg_info
[1.214s] Copying ../../build/my_py_pkg/my_py_pkg.egg-info to /home/miles_ma/ROS2_learning/ros2_ws/install/my_py_pkg/lib/python3.10/site-packages/my_py_pkg-0.0.0-py3.10.egg-info
[1.216s] running install_scripts
[1.232s] Installing add_two_ints_client script to /home/miles_ma/ROS2_learning/ros2_ws/install/my_py_pkg/lib/my_py_pkg
[1.232s] Installing add_two_ints_client_no_oop script to /home/miles_ma/ROS2_learning/ros2_ws/install/my_py_pkg/lib/my_py_pkg
[1.233s] Installing add_two_ints_server script to /home/miles_ma/ROS2_learning/ros2_ws/install/my_py_pkg/lib/my_py_pkg
[1.233s] Installing battery script to /home/miles_ma/ROS2_learning/ros2_ws/install/my_py_pkg/lib/my_py_pkg
[1.233s] Installing hw_status_publisher script to /home/miles_ma/ROS2_learning/ros2_ws/install/my_py_pkg/lib/my_py_pkg
[1.233s] Installing led_panel script to /home/miles_ma/ROS2_learning/ros2_ws/install/my_py_pkg/lib/my_py_pkg
[1.234s] Installing number_counter script to /home/miles_ma/ROS2_learning/ros2_ws/install/my_py_pkg/lib/my_py_pkg
[1.234s] Installing number_publisher script to /home/miles_ma/ROS2_learning/ros2_ws/install/my_py_pkg/lib/my_py_pkg
[1.234s] Installing py_node script to /home/miles_ma/ROS2_learning/ros2_ws/install/my_py_pkg/lib/my_py_pkg
[1.234s] Installing robot_news_station script to /home/miles_ma/ROS2_learning/ros2_ws/install/my_py_pkg/lib/my_py_pkg
[1.234s] Installing smartphone script to /home/miles_ma/ROS2_learning/ros2_ws/install/my_py_pkg/lib/my_py_pkg
[1.234s] writing list of installed files to '/home/miles_ma/ROS2_learning/ros2_ws/build/my_py_pkg/install.log'
[1.252s] Invoked command in '/home/miles_ma/ROS2_learning/ros2_ws/src/my_py_pkg' returned '0': PYTHONPATH=/home/miles_ma/ROS2_learning/ros2_ws/build/my_py_pkg/prefix_override:/home/miles_ma/ROS2_learning/ros2_ws/install/my_py_pkg/lib/python3.10/site-packages:${PYTHONPATH} /usr/bin/python3 -W ignore:setup.py install is deprecated setup.py egg_info --egg-base ../../build/my_py_pkg build --build-base /home/miles_ma/ROS2_learning/ros2_ws/build/my_py_pkg/build install --record /home/miles_ma/ROS2_learning/ros2_ws/build/my_py_pkg/install.log --single-version-externally-managed install_data --force
