[0.815s] Invoking command in '/home/miles_ma/ROS2_learning/ros2_ws/build/my_py_pkg': PYTHONPATH=/home/miles_ma/ROS2_learning/ros2_ws/build/my_py_pkg/prefix_override:/home/miles_ma/ROS2_learning/ros2_ws/install/my_py_pkg/lib/python3.10/site-packages:${PYTHONPATH} /usr/bin/python3 -W ignore:setup.py install is deprecated setup.py develop --editable --build-directory /home/miles_ma/ROS2_learning/ros2_ws/build/my_py_pkg/build --no-deps symlink_data
[1.030s] running develop
[1.031s] /usr/lib/python3/dist-packages/setuptools/command/easy_install.py:158: EasyInstallDeprecationWarning: easy_install command is deprecated. Use build and pip and other standards-based tools.
[1.031s]   warnings.warn(
[1.167s] running egg_info
[1.167s] writing my_py_pkg.egg-info/PKG-INFO
[1.167s] writing dependency_links to my_py_pkg.egg-info/dependency_links.txt
[1.168s] writing entry points to my_py_pkg.egg-info/entry_points.txt
[1.168s] writing requirements to my_py_pkg.egg-info/requires.txt
[1.169s] writing top-level names to my_py_pkg.egg-info/top_level.txt
[1.170s] reading manifest file 'my_py_pkg.egg-info/SOURCES.txt'
[1.172s] writing manifest file 'my_py_pkg.egg-info/SOURCES.txt'
[1.173s] running build_ext
[1.173s] Creating /home/miles_ma/ROS2_learning/ros2_ws/install/my_py_pkg/lib/python3.10/site-packages/my-py-pkg.egg-link (link to .)
[1.174s] Installing add_two_ints_client script to /home/miles_ma/ROS2_learning/ros2_ws/install/my_py_pkg/lib/my_py_pkg
[1.174s] Installing add_two_ints_client_no_oop script to /home/miles_ma/ROS2_learning/ros2_ws/install/my_py_pkg/lib/my_py_pkg
[1.175s] Installing add_two_ints_server script to /home/miles_ma/ROS2_learning/ros2_ws/install/my_py_pkg/lib/my_py_pkg
[1.175s] Installing hw_status_publisher script to /home/miles_ma/ROS2_learning/ros2_ws/install/my_py_pkg/lib/my_py_pkg
[1.175s] Installing number_counter script to /home/miles_ma/ROS2_learning/ros2_ws/install/my_py_pkg/lib/my_py_pkg
[1.175s] Installing number_publisher script to /home/miles_ma/ROS2_learning/ros2_ws/install/my_py_pkg/lib/my_py_pkg
[1.176s] Installing py_node script to /home/miles_ma/ROS2_learning/ros2_ws/install/my_py_pkg/lib/my_py_pkg
[1.176s] Installing robot_news_station script to /home/miles_ma/ROS2_learning/ros2_ws/install/my_py_pkg/lib/my_py_pkg
[1.176s] Installing smartphone script to /home/miles_ma/ROS2_learning/ros2_ws/install/my_py_pkg/lib/my_py_pkg
[1.176s] 
[1.176s] Installed /home/miles_ma/ROS2_learning/ros2_ws/build/my_py_pkg
[1.176s] running symlink_data
[1.196s] Invoked command in '/home/miles_ma/ROS2_learning/ros2_ws/build/my_py_pkg' returned '0': PYTHONPATH=/home/miles_ma/ROS2_learning/ros2_ws/build/my_py_pkg/prefix_override:/home/miles_ma/ROS2_learning/ros2_ws/install/my_py_pkg/lib/python3.10/site-packages:${PYTHONPATH} /usr/bin/python3 -W ignore:setup.py install is deprecated setup.py develop --editable --build-directory /home/miles_ma/ROS2_learning/ros2_ws/build/my_py_pkg/build --no-deps symlink_data
