[1.016s] Invoking command in '/home/changye/ROS2_learning/ros2_ws/src/my_py_pkg': PYTHONPATH=/home/changye/ROS2_learning/ros2_ws/build/my_py_pkg/prefix_override:/home/changye/ROS2_learning/ros2_ws/install/my_py_pkg/lib/python3.10/site-packages:${PYTHONPATH} /usr/bin/python3 -W ignore:setup.py install is deprecated setup.py egg_info --egg-base ../../build/my_py_pkg build --build-base /home/changye/ROS2_learning/ros2_ws/build/my_py_pkg/build install --record /home/changye/ROS2_learning/ros2_ws/build/my_py_pkg/install.log --single-version-externally-managed install_data
[1.416s] running egg_info
[1.416s] creating ../../build/my_py_pkg/my_py_pkg.egg-info
[1.416s] writing ../../build/my_py_pkg/my_py_pkg.egg-info/PKG-INFO
[1.417s] writing dependency_links to ../../build/my_py_pkg/my_py_pkg.egg-info/dependency_links.txt
[1.417s] writing entry points to ../../build/my_py_pkg/my_py_pkg.egg-info/entry_points.txt
[1.417s] writing requirements to ../../build/my_py_pkg/my_py_pkg.egg-info/requires.txt
[1.417s] writing top-level names to ../../build/my_py_pkg/my_py_pkg.egg-info/top_level.txt
[1.417s] writing manifest file '../../build/my_py_pkg/my_py_pkg.egg-info/SOURCES.txt'
[1.418s] reading manifest file '../../build/my_py_pkg/my_py_pkg.egg-info/SOURCES.txt'
[1.419s] writing manifest file '../../build/my_py_pkg/my_py_pkg.egg-info/SOURCES.txt'
[1.419s] running build
[1.419s] running build_py
[1.419s] creating /home/changye/ROS2_learning/ros2_ws/build/my_py_pkg/build
[1.419s] creating /home/changye/ROS2_learning/ros2_ws/build/my_py_pkg/build/lib
[1.419s] creating /home/changye/ROS2_learning/ros2_ws/build/my_py_pkg/build/lib/my_py_pkg
[1.419s] copying my_py_pkg/__init__.py -> /home/changye/ROS2_learning/ros2_ws/build/my_py_pkg/build/lib/my_py_pkg
[1.419s] running install
[1.419s] running install_lib
[1.420s] creating /home/changye/ROS2_learning/ros2_ws/install/my_py_pkg/lib/python3.10/site-packages/my_py_pkg
[1.420s] copying /home/changye/ROS2_learning/ros2_ws/build/my_py_pkg/build/lib/my_py_pkg/__init__.py -> /home/changye/ROS2_learning/ros2_ws/install/my_py_pkg/lib/python3.10/site-packages/my_py_pkg
[1.422s] byte-compiling /home/changye/ROS2_learning/ros2_ws/install/my_py_pkg/lib/python3.10/site-packages/my_py_pkg/__init__.py to __init__.cpython-310.pyc
[1.422s] running install_data
[1.422s] creating /home/changye/ROS2_learning/ros2_ws/install/my_py_pkg/share/ament_index
[1.422s] creating /home/changye/ROS2_learning/ros2_ws/install/my_py_pkg/share/ament_index/resource_index
[1.422s] creating /home/changye/ROS2_learning/ros2_ws/install/my_py_pkg/share/ament_index/resource_index/packages
[1.422s] copying resource/my_py_pkg -> /home/changye/ROS2_learning/ros2_ws/install/my_py_pkg/share/ament_index/resource_index/packages
[1.422s] copying package.xml -> /home/changye/ROS2_learning/ros2_ws/install/my_py_pkg/share/my_py_pkg
[1.422s] running install_egg_info
[1.425s] Copying ../../build/my_py_pkg/my_py_pkg.egg-info to /home/changye/ROS2_learning/ros2_ws/install/my_py_pkg/lib/python3.10/site-packages/my_py_pkg-0.0.0-py3.10.egg-info
[1.425s] running install_scripts
[1.452s] writing list of installed files to '/home/changye/ROS2_learning/ros2_ws/build/my_py_pkg/install.log'
[1.468s] Invoked command in '/home/changye/ROS2_learning/ros2_ws/src/my_py_pkg' returned '0': PYTHONPATH=/home/changye/ROS2_learning/ros2_ws/build/my_py_pkg/prefix_override:/home/changye/ROS2_learning/ros2_ws/install/my_py_pkg/lib/python3.10/site-packages:${PYTHONPATH} /usr/bin/python3 -W ignore:setup.py install is deprecated setup.py egg_info --egg-base ../../build/my_py_pkg build --build-base /home/changye/ROS2_learning/ros2_ws/build/my_py_pkg/build install --record /home/changye/ROS2_learning/ros2_ws/build/my_py_pkg/install.log --single-version-externally-managed install_data
