[1.002s] Invoking command in '/home/changye/ros2_ws3/src/my_py_pkg': PYTHONPATH=/home/changye/ros2_ws3/build/my_py_pkg/prefix_override:/home/changye/ros2_ws3/install/my_py_pkg/lib/python3.10/site-packages:${PYTHONPATH} /usr/bin/python3 -W ignore:setup.py install is deprecated setup.py egg_info --egg-base ../../build/my_py_pkg build --build-base /home/changye/ros2_ws3/build/my_py_pkg/build install --record /home/changye/ros2_ws3/build/my_py_pkg/install.log --single-version-externally-managed install_data
[1.398s] running egg_info
[1.399s] writing ../../build/my_py_pkg/my_py_pkg.egg-info/PKG-INFO
[1.399s] writing dependency_links to ../../build/my_py_pkg/my_py_pkg.egg-info/dependency_links.txt
[1.399s] writing entry points to ../../build/my_py_pkg/my_py_pkg.egg-info/entry_points.txt
[1.399s] writing requirements to ../../build/my_py_pkg/my_py_pkg.egg-info/requires.txt
[1.399s] writing top-level names to ../../build/my_py_pkg/my_py_pkg.egg-info/top_level.txt
[1.400s] reading manifest file '../../build/my_py_pkg/my_py_pkg.egg-info/SOURCES.txt'
[1.401s] writing manifest file '../../build/my_py_pkg/my_py_pkg.egg-info/SOURCES.txt'
[1.401s] running build
[1.401s] running build_py
[1.401s] copying my_py_pkg/my_first_node.py -> /home/changye/ros2_ws3/build/my_py_pkg/build/lib/my_py_pkg
[1.401s] running install
[1.402s] running install_lib
[1.402s] copying /home/changye/ros2_ws3/build/my_py_pkg/build/lib/my_py_pkg/my_first_node.py -> /home/changye/ros2_ws3/install/my_py_pkg/lib/python3.10/site-packages/my_py_pkg
[1.404s] byte-compiling /home/changye/ros2_ws3/install/my_py_pkg/lib/python3.10/site-packages/my_py_pkg/my_first_node.py to my_first_node.cpython-310.pyc
[1.404s] running install_data
[1.404s] running install_egg_info
[1.407s] removing '/home/changye/ros2_ws3/install/my_py_pkg/lib/python3.10/site-packages/my_py_pkg-0.0.0-py3.10.egg-info' (and everything under it)
[1.407s] Copying ../../build/my_py_pkg/my_py_pkg.egg-info to /home/changye/ros2_ws3/install/my_py_pkg/lib/python3.10/site-packages/my_py_pkg-0.0.0-py3.10.egg-info
[1.408s] running install_scripts
[1.437s] Installing py_node script to /home/changye/ros2_ws3/install/my_py_pkg/lib/my_py_pkg
[1.437s] writing list of installed files to '/home/changye/ros2_ws3/build/my_py_pkg/install.log'
[1.453s] Invoked command in '/home/changye/ros2_ws3/src/my_py_pkg' returned '0': PYTHONPATH=/home/changye/ros2_ws3/build/my_py_pkg/prefix_override:/home/changye/ros2_ws3/install/my_py_pkg/lib/python3.10/site-packages:${PYTHONPATH} /usr/bin/python3 -W ignore:setup.py install is deprecated setup.py egg_info --egg-base ../../build/my_py_pkg build --build-base /home/changye/ros2_ws3/build/my_py_pkg/build install --record /home/changye/ros2_ws3/build/my_py_pkg/install.log --single-version-externally-managed install_data
