[0.013s] Invoking command in '/home/miles_ma/ROS2_learning/ros2_ws/build/my_robot_interfaces': CMAKE_PREFIX_PATH=/home/miles_ma/ROS2_learning/ros2_ws/install/my_py_pkg:/opt/ros/humble /usr/bin/cmake /home/miles_ma/ROS2_learning/ros2_ws/src/my_robot_interfaces -DCMAKE_INSTALL_PREFIX=/home/miles_ma/ROS2_learning/ros2_ws/install/my_robot_interfaces
[0.287s] -- The C compiler identification is GNU 11.4.0
[0.551s] -- The CXX compiler identification is GNU 11.4.0
[0.696s] -- Detecting C compiler ABI info
[0.798s] -- Detecting C compiler ABI info - done
[0.805s] -- Check for working C compiler: /usr/bin/cc - skipped
[0.813s] -- Detecting C compile features
[0.816s] -- Detecting C compile features - done
[0.823s] -- Detecting CXX compiler ABI info
[0.917s] -- Detecting CXX compiler ABI info - done
[0.924s] -- Check for working CXX compiler: /usr/bin/c++ - skipped
[0.924s] -- Detecting CXX compile features
[0.924s] -- Detecting CXX compile features - done
[0.941s] -- Found ament_cmake: 1.3.9 (/opt/ros/humble/share/ament_cmake/cmake)
[1.077s] -- Found Python3: /usr/bin/python3 (found version "3.10.12") found components: Interpreter 
[1.186s] -- Found rosidl_default_generators: 1.2.0 (/opt/ros/humble/share/rosidl_default_generators/cmake)
[1.192s] -- Using all available rosidl_typesupport_c: rosidl_typesupport_fastrtps_c;rosidl_typesupport_introspection_c
[1.204s] -- Found rosidl_adapter: 3.1.5 (/opt/ros/humble/share/rosidl_adapter/cmake)
[1.338s] -- Using all available rosidl_typesupport_cpp: rosidl_typesupport_fastrtps_cpp;rosidl_typesupport_introspection_cpp
[1.392s] [31mCMake Error at /opt/ros/humble/share/rosidl_cmake/cmake/rosidl_generate_interfaces.cmake:93 (message):
[1.392s]   rosidl_generate_interfaces() the passed file 'msg/Hardware.msg' doesn't
[1.392s]   exist relative to the CMAKE_CURRENT_SOURCE_DIR
[1.392s]   '/home/miles_ma/ROS2_learning/ros2_ws/src/my_robot_interfaces'
[1.392s] Call Stack (most recent call first):
[1.392s]   CMakeLists.txt:12 (rosidl_generate_interfaces)
[1.392s] 
[1.392s] [0m
[1.393s] -- Configuring incomplete, errors occurred!
[1.393s] See also "/home/miles_ma/ROS2_learning/ros2_ws/build/my_robot_interfaces/CMakeFiles/CMakeOutput.log".
[1.397s] Invoked command in '/home/miles_ma/ROS2_learning/ros2_ws/build/my_robot_interfaces' returned '1': CMAKE_PREFIX_PATH=/home/miles_ma/ROS2_learning/ros2_ws/install/my_py_pkg:/opt/ros/humble /usr/bin/cmake /home/miles_ma/ROS2_learning/ros2_ws/src/my_robot_interfaces -DCMAKE_INSTALL_PREFIX=/home/miles_ma/ROS2_learning/ros2_ws/install/my_robot_interfaces
