[0.972s] Invoking command in '/home/changye/ros2_ws3/build/my_py_pkg': PYTHONPATH=/home/changye/ros2_ws3/build/my_py_pkg/prefix_override:/home/changye/ros2_ws3/install/my_py_pkg/lib/python3.10/site-packages:${PYTHONPATH} /usr/bin/python3 -W ignore:setup.py install is deprecated setup.py develop --editable --build-directory /home/changye/ros2_ws3/build/my_py_pkg/build --no-deps symlink_data --force
[1.390s] running develop
[1.390s] /usr/lib/python3/dist-packages/setuptools/command/easy_install.py:158: EasyInstallDeprecationWarning: easy_install command is deprecated. Use build and pip and other standards-based tools.
[1.390s]   warnings.warn(
[1.642s] running egg_info
[1.642s] writing my_py_pkg.egg-info/PKG-INFO
[1.642s] writing dependency_links to my_py_pkg.egg-info/dependency_links.txt
[1.642s] writing entry points to my_py_pkg.egg-info/entry_points.txt
[1.642s] writing requirements to my_py_pkg.egg-info/requires.txt
[1.642s] writing top-level names to my_py_pkg.egg-info/top_level.txt
[1.644s] reading manifest file 'my_py_pkg.egg-info/SOURCES.txt'
[1.644s] writing manifest file 'my_py_pkg.egg-info/SOURCES.txt'
[1.648s] running build_ext
[1.648s] Creating /home/changye/ros2_ws3/install/my_py_pkg/lib/python3.10/site-packages/my-py-pkg.egg-link (link to .)
[1.649s] Installing py_node = my_py_pkg.my_first_node:mainrobot_news_station script to /home/changye/ros2_ws3/install/my_py_pkg/lib/my_py_pkg
[1.649s] 
[1.649s] Installed /home/changye/ros2_ws3/build/my_py_pkg
[1.649s] running symlink_data
[1.649s] symbolically linking /home/changye/ros2_ws3/build/my_py_pkg/resource/my_py_pkg -> /home/changye/ros2_ws3/install/my_py_pkg/share/ament_index/resource_index/packages
[1.649s] symbolically linking /home/changye/ros2_ws3/build/my_py_pkg/package.xml -> /home/changye/ros2_ws3/install/my_py_pkg/share/my_py_pkg
[1.667s] Invoked command in '/home/changye/ros2_ws3/build/my_py_pkg' returned '0': PYTHONPATH=/home/changye/ros2_ws3/build/my_py_pkg/prefix_override:/home/changye/ros2_ws3/install/my_py_pkg/lib/python3.10/site-packages:${PYTHONPATH} /usr/bin/python3 -W ignore:setup.py install is deprecated setup.py develop --editable --build-directory /home/changye/ros2_ws3/build/my_py_pkg/build --no-deps symlink_data --force
