[0.966s] Invoking command in '/home/changye/ros2_ws3/build/my_py_pkg': PYTHONPATH=/home/changye/ros2_ws3/build/my_py_pkg/prefix_override:/home/changye/ros2_ws3/install/my_py_pkg/lib/python3.10/site-packages:${PYTHONPATH} /usr/bin/python3 -W ignore:setup.py install is deprecated setup.py develop --uninstall --editable --build-directory /home/changye/ros2_ws3/build/my_py_pkg/build
[1.383s] running develop
[1.384s] /usr/lib/python3/dist-packages/setuptools/command/easy_install.py:158: EasyInstallDeprecationWarning: easy_install command is deprecated. Use build and pip and other standards-based tools.
[1.384s]   warnings.warn(
[1.635s] Removing /home/changye/ros2_ws3/install/my_py_pkg/lib/python3.10/site-packages/my-py-pkg.egg-link (link to .)
[1.653s] Invoked command in '/home/changye/ros2_ws3/build/my_py_pkg' returned '0': PYTHONPATH=/home/changye/ros2_ws3/build/my_py_pkg/prefix_override:/home/changye/ros2_ws3/install/my_py_pkg/lib/python3.10/site-packages:${PYTHONPATH} /usr/bin/python3 -W ignore:setup.py install is deprecated setup.py develop --uninstall --editable --build-directory /home/changye/ros2_ws3/build/my_py_pkg/build
[1.654s] Invoking command in '/home/changye/ros2_ws3/src/my_py_pkg': PYTHONPATH=/home/changye/ros2_ws3/build/my_py_pkg/prefix_override:/home/changye/ros2_ws3/install/my_py_pkg/lib/python3.10/site-packages:${PYTHONPATH} /usr/bin/python3 -W ignore:setup.py install is deprecated setup.py egg_info --egg-base ../../build/my_py_pkg build --build-base /home/changye/ros2_ws3/build/my_py_pkg/build install --record /home/changye/ros2_ws3/build/my_py_pkg/install.log --single-version-externally-managed install_data --force
[2.031s] running egg_info
[2.031s] writing ../../build/my_py_pkg/my_py_pkg.egg-info/PKG-INFO
[2.031s] writing dependency_links to ../../build/my_py_pkg/my_py_pkg.egg-info/dependency_links.txt
[2.032s] writing entry points to ../../build/my_py_pkg/my_py_pkg.egg-info/entry_points.txt
[2.032s] writing requirements to ../../build/my_py_pkg/my_py_pkg.egg-info/requires.txt
[2.032s] writing top-level names to ../../build/my_py_pkg/my_py_pkg.egg-info/top_level.txt
[2.033s] reading manifest file '../../build/my_py_pkg/my_py_pkg.egg-info/SOURCES.txt'
[2.034s] writing manifest file '../../build/my_py_pkg/my_py_pkg.egg-info/SOURCES.txt'
[2.034s] running build
[2.034s] running build_py
[2.041s] copying my_py_pkg/template_python_node.py -> /home/changye/ros2_ws3/build/my_py_pkg/build/lib/my_py_pkg
[2.041s] copying my_py_pkg/robot_news_station.py -> /home/changye/ros2_ws3/build/my_py_pkg/build/lib/my_py_pkg
[2.041s] copying my_py_pkg/my_first_node.py -> /home/changye/ros2_ws3/build/my_py_pkg/build/lib/my_py_pkg
[2.041s] running install
[2.041s] running install_lib
[2.049s] creating /home/changye/ros2_ws3/install/my_py_pkg/lib/python3.10/site-packages/my_py_pkg
[2.049s] copying /home/changye/ros2_ws3/build/my_py_pkg/build/lib/my_py_pkg/template_python_node.py -> /home/changye/ros2_ws3/install/my_py_pkg/lib/python3.10/site-packages/my_py_pkg
[2.049s] copying /home/changye/ros2_ws3/build/my_py_pkg/build/lib/my_py_pkg/__init__.py -> /home/changye/ros2_ws3/install/my_py_pkg/lib/python3.10/site-packages/my_py_pkg
[2.049s] copying /home/changye/ros2_ws3/build/my_py_pkg/build/lib/my_py_pkg/robot_news_station.py -> /home/changye/ros2_ws3/install/my_py_pkg/lib/python3.10/site-packages/my_py_pkg
[2.049s] copying /home/changye/ros2_ws3/build/my_py_pkg/build/lib/my_py_pkg/my_first_node.py -> /home/changye/ros2_ws3/install/my_py_pkg/lib/python3.10/site-packages/my_py_pkg
[2.051s] byte-compiling /home/changye/ros2_ws3/install/my_py_pkg/lib/python3.10/site-packages/my_py_pkg/template_python_node.py to template_python_node.cpython-310.pyc
[2.052s] byte-compiling /home/changye/ros2_ws3/install/my_py_pkg/lib/python3.10/site-packages/my_py_pkg/__init__.py to __init__.cpython-310.pyc
[2.052s] byte-compiling /home/changye/ros2_ws3/install/my_py_pkg/lib/python3.10/site-packages/my_py_pkg/robot_news_station.py to robot_news_station.cpython-310.pyc
[2.052s] byte-compiling /home/changye/ros2_ws3/install/my_py_pkg/lib/python3.10/site-packages/my_py_pkg/my_first_node.py to my_first_node.cpython-310.pyc
[2.052s] running install_data
[2.052s] copying resource/my_py_pkg -> /home/changye/ros2_ws3/install/my_py_pkg/share/ament_index/resource_index/packages
[2.052s] copying package.xml -> /home/changye/ros2_ws3/install/my_py_pkg/share/my_py_pkg
[2.052s] running install_egg_info
[2.055s] Copying ../../build/my_py_pkg/my_py_pkg.egg-info to /home/changye/ros2_ws3/install/my_py_pkg/lib/python3.10/site-packages/my_py_pkg-0.0.0-py3.10.egg-info
[2.061s] running install_scripts
[2.090s] Installing py_node = my_py_pkg.my_first_node:mainrobot_news_station script to /home/changye/ros2_ws3/install/my_py_pkg/lib/my_py_pkg
[2.090s] writing list of installed files to '/home/changye/ros2_ws3/build/my_py_pkg/install.log'
[2.105s] Invoked command in '/home/changye/ros2_ws3/src/my_py_pkg' returned '0': PYTHONPATH=/home/changye/ros2_ws3/build/my_py_pkg/prefix_override:/home/changye/ros2_ws3/install/my_py_pkg/lib/python3.10/site-packages:${PYTHONPATH} /usr/bin/python3 -W ignore:setup.py install is deprecated setup.py egg_info --egg-base ../../build/my_py_pkg build --build-base /home/changye/ros2_ws3/build/my_py_pkg/build install --record /home/changye/ros2_ws3/build/my_py_pkg/install.log --single-version-externally-managed install_data --force
