[0.081s] Invoking command in '/home/miles_ma/ROS2_learning/ros2_ws/build/my_robot_bringup': CMAKE_PREFIX_PATH=${CMAKE_PREFIX_PATH}:/home/miles_ma/ROS2_learning/ros2_ws/install/my_py_pkg:/opt/ros/humble /usr/bin/cmake --build /home/miles_ma/ROS2_learning/ros2_ws/build/my_robot_bringup -- -j12 -l12
[0.186s] -- Found ament_cmake: 1.3.9 (/opt/ros/humble/share/ament_cmake/cmake)
[0.308s] -- Override CMake install command with custom implementation using symlinks instead of copying resources
[0.391s] -- Configuring done
[0.400s] -- Generating done
[0.401s] -- Build files have been written to: /home/miles_ma/ROS2_learning/ros2_ws/build/my_robot_bringup
[0.420s] Invoked command in '/home/miles_ma/ROS2_learning/ros2_ws/build/my_robot_bringup' returned '0': CMAKE_PREFIX_PATH=${CMAKE_PREFIX_PATH}:/home/miles_ma/ROS2_learning/ros2_ws/install/my_py_pkg:/opt/ros/humble /usr/bin/cmake --build /home/miles_ma/ROS2_learning/ros2_ws/build/my_robot_bringup -- -j12 -l12
[0.444s] Invoking command in '/home/miles_ma/ROS2_learning/ros2_ws/build/my_robot_bringup': CMAKE_PREFIX_PATH=${CMAKE_PREFIX_PATH}:/home/miles_ma/ROS2_learning/ros2_ws/install/my_py_pkg:/opt/ros/humble /usr/bin/cmake --install /home/miles_ma/ROS2_learning/ros2_ws/build/my_robot_bringup
[0.449s] -- Install configuration: ""
[0.449s] -- Execute custom install script
[0.449s] -- Symlinking: /home/miles_ma/ROS2_learning/ros2_ws/install/my_robot_bringup/share/my_robot_bringup/launch/new_app.launch.py
[0.455s] -- Up-to-date symlink: /home/miles_ma/ROS2_learning/ros2_ws/install/my_robot_bringup/share/my_robot_bringup/launch/number_app.launch.py
[0.455s] -- Up-to-date symlink: /home/miles_ma/ROS2_learning/ros2_ws/install/my_robot_bringup/share/ament_index/resource_index/package_run_dependencies/my_robot_bringup
[0.456s] -- Up-to-date symlink: /home/miles_ma/ROS2_learning/ros2_ws/install/my_robot_bringup/share/ament_index/resource_index/parent_prefix_path/my_robot_bringup
[0.456s] -- Up-to-date symlink: /home/miles_ma/ROS2_learning/ros2_ws/install/my_robot_bringup/share/my_robot_bringup/environment/ament_prefix_path.sh
[0.456s] -- Up-to-date symlink: /home/miles_ma/ROS2_learning/ros2_ws/install/my_robot_bringup/share/my_robot_bringup/environment/ament_prefix_path.dsv
[0.456s] -- Up-to-date symlink: /home/miles_ma/ROS2_learning/ros2_ws/install/my_robot_bringup/share/my_robot_bringup/environment/path.sh
[0.457s] -- Up-to-date symlink: /home/miles_ma/ROS2_learning/ros2_ws/install/my_robot_bringup/share/my_robot_bringup/environment/path.dsv
[0.457s] -- Up-to-date symlink: /home/miles_ma/ROS2_learning/ros2_ws/install/my_robot_bringup/share/my_robot_bringup/local_setup.bash
[0.457s] -- Up-to-date symlink: /home/miles_ma/ROS2_learning/ros2_ws/install/my_robot_bringup/share/my_robot_bringup/local_setup.sh
[0.457s] -- Up-to-date symlink: /home/miles_ma/ROS2_learning/ros2_ws/install/my_robot_bringup/share/my_robot_bringup/local_setup.zsh
[0.457s] -- Up-to-date symlink: /home/miles_ma/ROS2_learning/ros2_ws/install/my_robot_bringup/share/my_robot_bringup/local_setup.dsv
[0.457s] -- Symlinking: /home/miles_ma/ROS2_learning/ros2_ws/install/my_robot_bringup/share/my_robot_bringup/package.dsv
[0.463s] -- Up-to-date symlink: /home/miles_ma/ROS2_learning/ros2_ws/install/my_robot_bringup/share/ament_index/resource_index/packages/my_robot_bringup
[0.464s] -- Up-to-date symlink: /home/miles_ma/ROS2_learning/ros2_ws/install/my_robot_bringup/share/my_robot_bringup/cmake/my_robot_bringupConfig.cmake
[0.464s] -- Up-to-date symlink: /home/miles_ma/ROS2_learning/ros2_ws/install/my_robot_bringup/share/my_robot_bringup/cmake/my_robot_bringupConfig-version.cmake
[0.464s] -- Up-to-date symlink: /home/miles_ma/ROS2_learning/ros2_ws/install/my_robot_bringup/share/my_robot_bringup/package.xml
[0.466s] Invoked command in '/home/miles_ma/ROS2_learning/ros2_ws/build/my_robot_bringup' returned '0': CMAKE_PREFIX_PATH=${CMAKE_PREFIX_PATH}:/home/miles_ma/ROS2_learning/ros2_ws/install/my_py_pkg:/opt/ros/humble /usr/bin/cmake --install /home/miles_ma/ROS2_learning/ros2_ws/build/my_robot_bringup
