[0.981s] Invoking command in '/home/changye/ros2_ws3/src/my_py_pkg': PYTHONPATH=/home/changye/ros2_ws3/build/my_py_pkg/prefix_override:/home/changye/ros2_ws3/install/my_py_pkg/lib/python3.10/site-packages:${PYTHONPATH} /usr/bin/python3 -W ignore:setup.py install is deprecated setup.py egg_info --egg-base ../../build/my_py_pkg build --build-base /home/changye/ros2_ws3/build/my_py_pkg/build install --record /home/changye/ros2_ws3/build/my_py_pkg/install.log --single-version-externally-managed install_data
[1.362s] running egg_info
[1.363s] writing ../../build/my_py_pkg/my_py_pkg.egg-info/PKG-INFO
[1.363s] writing dependency_links to ../../build/my_py_pkg/my_py_pkg.egg-info/dependency_links.txt
[1.363s] writing entry points to ../../build/my_py_pkg/my_py_pkg.egg-info/entry_points.txt
[1.363s] writing requirements to ../../build/my_py_pkg/my_py_pkg.egg-info/requires.txt
[1.363s] writing top-level names to ../../build/my_py_pkg/my_py_pkg.egg-info/top_level.txt
[1.364s] reading manifest file '../../build/my_py_pkg/my_py_pkg.egg-info/SOURCES.txt'
[1.365s] writing manifest file '../../build/my_py_pkg/my_py_pkg.egg-info/SOURCES.txt'
[1.365s] running build
[1.365s] running build_py
[1.365s] running install
[1.365s] running install_lib
[1.368s] running install_data
[1.368s] running install_egg_info
[1.370s] removing '/home/changye/ros2_ws3/install/my_py_pkg/lib/python3.10/site-packages/my_py_pkg-0.0.0-py3.10.egg-info' (and everything under it)
[1.370s] Copying ../../build/my_py_pkg/my_py_pkg.egg-info to /home/changye/ros2_ws3/install/my_py_pkg/lib/python3.10/site-packages/my_py_pkg-0.0.0-py3.10.egg-info
[1.371s] running install_scripts
[1.399s] Installing py_node = my_py_pkg.my_first_node:mainrobot_news_station script to /home/changye/ros2_ws3/install/my_py_pkg/lib/my_py_pkg
[1.400s] writing list of installed files to '/home/changye/ros2_ws3/build/my_py_pkg/install.log'
[1.415s] Invoked command in '/home/changye/ros2_ws3/src/my_py_pkg' returned '0': PYTHONPATH=/home/changye/ros2_ws3/build/my_py_pkg/prefix_override:/home/changye/ros2_ws3/install/my_py_pkg/lib/python3.10/site-packages:${PYTHONPATH} /usr/bin/python3 -W ignore:setup.py install is deprecated setup.py egg_info --egg-base ../../build/my_py_pkg build --build-base /home/changye/ros2_ws3/build/my_py_pkg/build install --record /home/changye/ros2_ws3/build/my_py_pkg/install.log --single-version-externally-managed install_data
