[0.582s] Invoking command in '/home/miles_ma/ROS2_learning/ros2_ws/build/my_py_pkg': PYTHONPATH=/home/miles_ma/ROS2_learning/ros2_ws/build/my_py_pkg/prefix_override:/home/miles_ma/ROS2_learning/ros2_ws/install/my_py_pkg/lib/python3.10/site-packages:${PYTHONPATH} /usr/bin/python3 -W ignore:setup.py install is deprecated setup.py develop --editable --build-directory /home/miles_ma/ROS2_learning/ros2_ws/build/my_py_pkg/build --no-deps symlink_data
[0.800s] running develop
[0.800s] /usr/lib/python3/dist-packages/setuptools/command/easy_install.py:158: EasyInstallDeprecationWarning: easy_install command is deprecated. Use build and pip and other standards-based tools.
[0.800s]   warnings.warn(
[0.937s] running egg_info
[0.937s] writing my_py_pkg.egg-info/PKG-INFO
[0.937s] writing dependency_links to my_py_pkg.egg-info/dependency_links.txt
[0.938s] writing entry points to my_py_pkg.egg-info/entry_points.txt
[0.938s] writing requirements to my_py_pkg.egg-info/requires.txt
[0.938s] writing top-level names to my_py_pkg.egg-info/top_level.txt
[0.941s] reading manifest file 'my_py_pkg.egg-info/SOURCES.txt'
[0.942s] writing manifest file 'my_py_pkg.egg-info/SOURCES.txt'
[0.943s] running build_ext
[0.943s] Creating /home/miles_ma/ROS2_learning/ros2_ws/install/my_py_pkg/lib/python3.10/site-packages/my-py-pkg.egg-link (link to .)
[0.944s] Installing add_two_ints_client script to /home/miles_ma/ROS2_learning/ros2_ws/install/my_py_pkg/lib/my_py_pkg
[0.945s] Installing add_two_ints_client_no_oop script to /home/miles_ma/ROS2_learning/ros2_ws/install/my_py_pkg/lib/my_py_pkg
[0.945s] Installing add_two_ints_server script to /home/miles_ma/ROS2_learning/ros2_ws/install/my_py_pkg/lib/my_py_pkg
[0.945s] Installing battery script to /home/miles_ma/ROS2_learning/ros2_ws/install/my_py_pkg/lib/my_py_pkg
[0.945s] Installing hw_status_publisher script to /home/miles_ma/ROS2_learning/ros2_ws/install/my_py_pkg/lib/my_py_pkg
[0.945s] Installing led_panel script to /home/miles_ma/ROS2_learning/ros2_ws/install/my_py_pkg/lib/my_py_pkg
[0.946s] Installing number_counter script to /home/miles_ma/ROS2_learning/ros2_ws/install/my_py_pkg/lib/my_py_pkg
[0.946s] Installing number_publisher script to /home/miles_ma/ROS2_learning/ros2_ws/install/my_py_pkg/lib/my_py_pkg
[0.946s] Installing py_node script to /home/miles_ma/ROS2_learning/ros2_ws/install/my_py_pkg/lib/my_py_pkg
[0.946s] Installing robot_news_station script to /home/miles_ma/ROS2_learning/ros2_ws/install/my_py_pkg/lib/my_py_pkg
[0.946s] Installing smartphone script to /home/miles_ma/ROS2_learning/ros2_ws/install/my_py_pkg/lib/my_py_pkg
[0.946s] 
[0.946s] Installed /home/miles_ma/ROS2_learning/ros2_ws/build/my_py_pkg
[0.946s] running symlink_data
[0.966s] Invoked command in '/home/miles_ma/ROS2_learning/ros2_ws/build/my_py_pkg' returned '0': PYTHONPATH=/home/miles_ma/ROS2_learning/ros2_ws/build/my_py_pkg/prefix_override:/home/miles_ma/ROS2_learning/ros2_ws/install/my_py_pkg/lib/python3.10/site-packages:${PYTHONPATH} /usr/bin/python3 -W ignore:setup.py install is deprecated setup.py develop --editable --build-directory /home/miles_ma/ROS2_learning/ros2_ws/build/my_py_pkg/build --no-deps symlink_data
