[1.010s] Invoking command in '/home/changye/ros2_ws3/build/my_py_pkg': PYTHONPATH=/home/changye/ros2_ws3/build/my_py_pkg/prefix_override:/home/changye/ros2_ws3/install/my_py_pkg/lib/python3.10/site-packages:${PYTHONPATH} /usr/bin/python3 -W ignore:setup.py install is deprecated setup.py develop --editable --build-directory /home/changye/ros2_ws3/build/my_py_pkg/build --no-deps symlink_data
[1.455s] running develop
[1.729s] running egg_info
[1.729s] writing my_py_pkg.egg-info/PKG-INFO
[1.729s] writing dependency_links to my_py_pkg.egg-info/dependency_links.txt
[1.729s] writing entry points to my_py_pkg.egg-info/entry_points.txt
[1.729s] writing requirements to my_py_pkg.egg-info/requires.txt
[1.729s] writing top-level names to my_py_pkg.egg-info/top_level.txt
[1.731s] reading manifest file 'my_py_pkg.egg-info/SOURCES.txt'
[1.731s] writing manifest file 'my_py_pkg.egg-info/SOURCES.txt'
[1.735s] running build_ext
[1.736s] Creating /home/changye/ros2_ws3/install/my_py_pkg/lib/python3.10/site-packages/my-py-pkg.egg-link (link to .)
[1.736s] Installing number_counter script to /home/changye/ros2_ws3/install/my_py_pkg/lib/my_py_pkg
[1.736s] Installing number_publisher script to /home/changye/ros2_ws3/install/my_py_pkg/lib/my_py_pkg
[1.736s] Installing py_node script to /home/changye/ros2_ws3/install/my_py_pkg/lib/my_py_pkg
[1.736s] Installing robot_news_station script to /home/changye/ros2_ws3/install/my_py_pkg/lib/my_py_pkg
[1.737s] Installing smartphone script to /home/changye/ros2_ws3/install/my_py_pkg/lib/my_py_pkg
[1.737s] 
[1.737s] Installed /home/changye/ros2_ws3/build/my_py_pkg
[1.737s] running symlink_data
[1.758s] Invoked command in '/home/changye/ros2_ws3/build/my_py_pkg' returned '0': PYTHONPATH=/home/changye/ros2_ws3/build/my_py_pkg/prefix_override:/home/changye/ros2_ws3/install/my_py_pkg/lib/python3.10/site-packages:${PYTHONPATH} /usr/bin/python3 -W ignore:setup.py install is deprecated setup.py develop --editable --build-directory /home/changye/ros2_ws3/build/my_py_pkg/build --no-deps symlink_data
