[0.604s] Invoking command in '/home/miles_ma/ROS2_learning/ros2_ws/build/my_py_pkg': PYTHONPATH=/home/miles_ma/ROS2_learning/ros2_ws/build/my_py_pkg/prefix_override:/home/miles_ma/ROS2_learning/ros2_ws/install/my_py_pkg/lib/python3.10/site-packages:${PYTHONPATH} /usr/bin/python3 -W ignore:setup.py install is deprecated setup.py develop --editable --build-directory /home/miles_ma/ROS2_learning/ros2_ws/build/my_py_pkg/build --no-deps symlink_data --force
[0.831s] running develop
[0.964s] running egg_info
[0.965s] writing my_py_pkg.egg-info/PKG-INFO
[0.965s] writing dependency_links to my_py_pkg.egg-info/dependency_links.txt
[0.966s] writing entry points to my_py_pkg.egg-info/entry_points.txt
[0.966s] writing requirements to my_py_pkg.egg-info/requires.txt
[0.966s] writing top-level names to my_py_pkg.egg-info/top_level.txt
[0.967s] reading manifest file 'my_py_pkg.egg-info/SOURCES.txt'
[0.968s] writing manifest file 'my_py_pkg.egg-info/SOURCES.txt'
[0.969s] running build_ext
[0.969s] Creating /home/miles_ma/ROS2_learning/ros2_ws/install/my_py_pkg/lib/python3.10/site-packages/my-py-pkg.egg-link (link to .)
[0.970s] Installing add_two_ints_client script to /home/miles_ma/ROS2_learning/ros2_ws/install/my_py_pkg/lib/my_py_pkg
[0.970s] Installing add_two_ints_client_no_oop script to /home/miles_ma/ROS2_learning/ros2_ws/install/my_py_pkg/lib/my_py_pkg
[0.970s] Installing add_two_ints_server script to /home/miles_ma/ROS2_learning/ros2_ws/install/my_py_pkg/lib/my_py_pkg
[0.970s] Installing battery script to /home/miles_ma/ROS2_learning/ros2_ws/install/my_py_pkg/lib/my_py_pkg
[0.971s] Installing hw_status_publisher script to /home/miles_ma/ROS2_learning/ros2_ws/install/my_py_pkg/lib/my_py_pkg
[0.971s] Installing led_panel script to /home/miles_ma/ROS2_learning/ros2_ws/install/my_py_pkg/lib/my_py_pkg
[0.971s] Installing number_counter script to /home/miles_ma/ROS2_learning/ros2_ws/install/my_py_pkg/lib/my_py_pkg
[0.971s] Installing number_publisher script to /home/miles_ma/ROS2_learning/ros2_ws/install/my_py_pkg/lib/my_py_pkg
[0.971s] Installing py_node script to /home/miles_ma/ROS2_learning/ros2_ws/install/my_py_pkg/lib/my_py_pkg
[0.971s] Installing robot_news_station script to /home/miles_ma/ROS2_learning/ros2_ws/install/my_py_pkg/lib/my_py_pkg
[0.971s] Installing smartphone script to /home/miles_ma/ROS2_learning/ros2_ws/install/my_py_pkg/lib/my_py_pkg
[0.972s] 
[0.972s] Installed /home/miles_ma/ROS2_learning/ros2_ws/build/my_py_pkg
[0.972s] running symlink_data
[0.972s] symbolically linking /home/miles_ma/ROS2_learning/ros2_ws/build/my_py_pkg/resource/my_py_pkg -> /home/miles_ma/ROS2_learning/ros2_ws/install/my_py_pkg/share/ament_index/resource_index/packages
[0.972s] symbolically linking /home/miles_ma/ROS2_learning/ros2_ws/build/my_py_pkg/package.xml -> /home/miles_ma/ROS2_learning/ros2_ws/install/my_py_pkg/share/my_py_pkg
[0.992s] Invoked command in '/home/miles_ma/ROS2_learning/ros2_ws/build/my_py_pkg' returned '0': PYTHONPATH=/home/miles_ma/ROS2_learning/ros2_ws/build/my_py_pkg/prefix_override:/home/miles_ma/ROS2_learning/ros2_ws/install/my_py_pkg/lib/python3.10/site-packages:${PYTHONPATH} /usr/bin/python3 -W ignore:setup.py install is deprecated setup.py develop --editable --build-directory /home/miles_ma/ROS2_learning/ros2_ws/build/my_py_pkg/build --no-deps symlink_data --force
