[0.916s] Invoking command in '/home/miles_ma/ROS2_learning/ros2_ws/build/my_py_pkg': PYTHONPATH=/home/miles_ma/ROS2_learning/ros2_ws/build/my_py_pkg/prefix_override:/home/miles_ma/ROS2_learning/ros2_ws/install/my_py_pkg/lib/python3.10/site-packages:${PYTHONPATH} /usr/bin/python3 -W ignore:setup.py install is deprecated setup.py develop --editable --build-directory /home/miles_ma/ROS2_learning/ros2_ws/build/my_py_pkg/build --no-deps symlink_data
[1.163s] running develop
[1.315s] running egg_info
[1.315s] writing my_py_pkg.egg-info/PKG-INFO
[1.315s] writing dependency_links to my_py_pkg.egg-info/dependency_links.txt
[1.315s] writing entry points to my_py_pkg.egg-info/entry_points.txt
[1.316s] writing requirements to my_py_pkg.egg-info/requires.txt
[1.316s] writing top-level names to my_py_pkg.egg-info/top_level.txt
[1.317s] reading manifest file 'my_py_pkg.egg-info/SOURCES.txt'
[1.318s] writing manifest file 'my_py_pkg.egg-info/SOURCES.txt'
[1.319s] running build_ext
[1.320s] Creating /home/miles_ma/ROS2_learning/ros2_ws/install/my_py_pkg/lib/python3.10/site-packages/my-py-pkg.egg-link (link to .)
[1.320s] Installing add_two_ints_client script to /home/miles_ma/ROS2_learning/ros2_ws/install/my_py_pkg/lib/my_py_pkg
[1.321s] Installing add_two_ints_client_no_oop script to /home/miles_ma/ROS2_learning/ros2_ws/install/my_py_pkg/lib/my_py_pkg
[1.321s] Installing add_two_ints_server script to /home/miles_ma/ROS2_learning/ros2_ws/install/my_py_pkg/lib/my_py_pkg
[1.321s] Installing battery script to /home/miles_ma/ROS2_learning/ros2_ws/install/my_py_pkg/lib/my_py_pkg
[1.322s] Installing hw_status_publisher script to /home/miles_ma/ROS2_learning/ros2_ws/install/my_py_pkg/lib/my_py_pkg
[1.322s] Installing led_panel script to /home/miles_ma/ROS2_learning/ros2_ws/install/my_py_pkg/lib/my_py_pkg
[1.322s] Installing number_counter script to /home/miles_ma/ROS2_learning/ros2_ws/install/my_py_pkg/lib/my_py_pkg
[1.322s] Installing number_publisher script to /home/miles_ma/ROS2_learning/ros2_ws/install/my_py_pkg/lib/my_py_pkg
[1.322s] Installing py_node script to /home/miles_ma/ROS2_learning/ros2_ws/install/my_py_pkg/lib/my_py_pkg
[1.322s] Installing robot_news_station script to /home/miles_ma/ROS2_learning/ros2_ws/install/my_py_pkg/lib/my_py_pkg
[1.322s] Installing smartphone script to /home/miles_ma/ROS2_learning/ros2_ws/install/my_py_pkg/lib/my_py_pkg
[1.322s] 
[1.322s] Installed /home/miles_ma/ROS2_learning/ros2_ws/build/my_py_pkg
[1.322s] running symlink_data
[1.348s] Invoked command in '/home/miles_ma/ROS2_learning/ros2_ws/build/my_py_pkg' returned '0': PYTHONPATH=/home/miles_ma/ROS2_learning/ros2_ws/build/my_py_pkg/prefix_override:/home/miles_ma/ROS2_learning/ros2_ws/install/my_py_pkg/lib/python3.10/site-packages:${PYTHONPATH} /usr/bin/python3 -W ignore:setup.py install is deprecated setup.py develop --editable --build-directory /home/miles_ma/ROS2_learning/ros2_ws/build/my_py_pkg/build --no-deps symlink_data
