[3.553s] Invoking command in '/home/miles_ma/ROS2_learning/ros2_ws/build/my_py_pkg': AMENT_PREFIX_PATH=/home/miles_ma/ROS2_learning/ros2_ws/install/my_robot_interfaces:${AMENT_PREFIX_PATH} CMAKE_PREFIX_PATH=/home/miles_ma/ROS2_learning/ros2_ws/install/my_robot_interfaces LD_LIBRARY_PATH=/home/miles_ma/ROS2_learning/ros2_ws/install/my_robot_interfaces/lib:${LD_LIBRARY_PATH} PYTHONPATH=/home/miles_ma/ROS2_learning/ros2_ws/build/my_py_pkg/prefix_override:/home/miles_ma/ROS2_learning/ros2_ws/install/my_py_pkg/lib/python3.10/site-packages:/home/miles_ma/ROS2_learning/ros2_ws/install/my_robot_interfaces/local/lib/python3.10/dist-packages:${PYTHONPATH} /usr/bin/python3 -W ignore:setup.py install is deprecated setup.py develop --editable --build-directory /home/miles_ma/ROS2_learning/ros2_ws/build/my_py_pkg/build --no-deps symlink_data --force
[3.772s] running develop
[3.774s] /usr/lib/python3/dist-packages/setuptools/command/easy_install.py:158: EasyInstallDeprecationWarning: easy_install command is deprecated. Use build and pip and other standards-based tools.
[3.774s]   warnings.warn(
[3.909s] running egg_info
[3.909s] writing my_py_pkg.egg-info/PKG-INFO
[3.915s] writing dependency_links to my_py_pkg.egg-info/dependency_links.txt
[3.916s] writing entry points to my_py_pkg.egg-info/entry_points.txt
[3.916s] writing requirements to my_py_pkg.egg-info/requires.txt
[3.916s] writing top-level names to my_py_pkg.egg-info/top_level.txt
[3.917s] reading manifest file 'my_py_pkg.egg-info/SOURCES.txt'
[3.926s] writing manifest file 'my_py_pkg.egg-info/SOURCES.txt'
[3.927s] running build_ext
[3.927s] Creating /home/miles_ma/ROS2_learning/ros2_ws/install/my_py_pkg/lib/python3.10/site-packages/my-py-pkg.egg-link (link to .)
[3.928s] Installing add_two_ints_client script to /home/miles_ma/ROS2_learning/ros2_ws/install/my_py_pkg/lib/my_py_pkg
[3.928s] Installing add_two_ints_client_no_oop script to /home/miles_ma/ROS2_learning/ros2_ws/install/my_py_pkg/lib/my_py_pkg
[3.928s] Installing add_two_ints_server script to /home/miles_ma/ROS2_learning/ros2_ws/install/my_py_pkg/lib/my_py_pkg
[3.928s] Installing hw_status_publisher script to /home/miles_ma/ROS2_learning/ros2_ws/install/my_py_pkg/lib/my_py_pkg
[3.928s] Installing number_counter script to /home/miles_ma/ROS2_learning/ros2_ws/install/my_py_pkg/lib/my_py_pkg
[3.929s] Installing number_publisher script to /home/miles_ma/ROS2_learning/ros2_ws/install/my_py_pkg/lib/my_py_pkg
[3.929s] Installing py_node script to /home/miles_ma/ROS2_learning/ros2_ws/install/my_py_pkg/lib/my_py_pkg
[3.929s] Installing robot_news_station script to /home/miles_ma/ROS2_learning/ros2_ws/install/my_py_pkg/lib/my_py_pkg
[3.929s] Installing smartphone script to /home/miles_ma/ROS2_learning/ros2_ws/install/my_py_pkg/lib/my_py_pkg
[3.929s] 
[3.929s] Installed /home/miles_ma/ROS2_learning/ros2_ws/build/my_py_pkg
[3.929s] running symlink_data
[3.930s] symbolically linking /home/miles_ma/ROS2_learning/ros2_ws/build/my_py_pkg/resource/my_py_pkg -> /home/miles_ma/ROS2_learning/ros2_ws/install/my_py_pkg/share/ament_index/resource_index/packages
[3.930s] symbolically linking /home/miles_ma/ROS2_learning/ros2_ws/build/my_py_pkg/package.xml -> /home/miles_ma/ROS2_learning/ros2_ws/install/my_py_pkg/share/my_py_pkg
[3.949s] Invoked command in '/home/miles_ma/ROS2_learning/ros2_ws/build/my_py_pkg' returned '0': AMENT_PREFIX_PATH=/home/miles_ma/ROS2_learning/ros2_ws/install/my_robot_interfaces:${AMENT_PREFIX_PATH} CMAKE_PREFIX_PATH=/home/miles_ma/ROS2_learning/ros2_ws/install/my_robot_interfaces LD_LIBRARY_PATH=/home/miles_ma/ROS2_learning/ros2_ws/install/my_robot_interfaces/lib:${LD_LIBRARY_PATH} PYTHONPATH=/home/miles_ma/ROS2_learning/ros2_ws/build/my_py_pkg/prefix_override:/home/miles_ma/ROS2_learning/ros2_ws/install/my_py_pkg/lib/python3.10/site-packages:/home/miles_ma/ROS2_learning/ros2_ws/install/my_robot_interfaces/local/lib/python3.10/dist-packages:${PYTHONPATH} /usr/bin/python3 -W ignore:setup.py install is deprecated setup.py develop --editable --build-directory /home/miles_ma/ROS2_learning/ros2_ws/build/my_py_pkg/build --no-deps symlink_data --force
