[1.033s] Invoking command in '/home/changye/ros2_ws3/build/my_py_pkg': PYTHONPATH=/home/changye/ros2_ws3/build/my_py_pkg/prefix_override:/home/changye/ros2_ws3/install/my_py_pkg/lib/python3.10/site-packages:${PYTHONPATH} /usr/bin/python3 -W ignore:setup.py install is deprecated setup.py develop --editable --build-directory /home/changye/ros2_ws3/build/my_py_pkg/build --no-deps symlink_data
[1.478s] running develop
[1.750s] running egg_info
[1.750s] writing my_py_pkg.egg-info/PKG-INFO
[1.750s] writing dependency_links to my_py_pkg.egg-info/dependency_links.txt
[1.750s] writing entry points to my_py_pkg.egg-info/entry_points.txt
[1.750s] writing requirements to my_py_pkg.egg-info/requires.txt
[1.750s] writing top-level names to my_py_pkg.egg-info/top_level.txt
[1.752s] reading manifest file 'my_py_pkg.egg-info/SOURCES.txt'
[1.752s] writing manifest file 'my_py_pkg.egg-info/SOURCES.txt'
[1.756s] running build_ext
[1.756s] Creating /home/changye/ros2_ws3/install/my_py_pkg/lib/python3.10/site-packages/my-py-pkg.egg-link (link to .)
[1.757s] Installing add_two_ints_server script to /home/changye/ros2_ws3/install/my_py_pkg/lib/my_py_pkg
[1.757s] Installing number_counter script to /home/changye/ros2_ws3/install/my_py_pkg/lib/my_py_pkg
[1.757s] Installing number_publisher script to /home/changye/ros2_ws3/install/my_py_pkg/lib/my_py_pkg
[1.757s] Installing py_node script to /home/changye/ros2_ws3/install/my_py_pkg/lib/my_py_pkg
[1.757s] Installing robot_news_station script to /home/changye/ros2_ws3/install/my_py_pkg/lib/my_py_pkg
[1.757s] Installing smartphone script to /home/changye/ros2_ws3/install/my_py_pkg/lib/my_py_pkg
[1.757s] 
[1.757s] Installed /home/changye/ros2_ws3/build/my_py_pkg
[1.757s] running symlink_data
[1.779s] Invoked command in '/home/changye/ros2_ws3/build/my_py_pkg' returned '0': PYTHONPATH=/home/changye/ros2_ws3/build/my_py_pkg/prefix_override:/home/changye/ros2_ws3/install/my_py_pkg/lib/python3.10/site-packages:${PYTHONPATH} /usr/bin/python3 -W ignore:setup.py install is deprecated setup.py develop --editable --build-directory /home/changye/ros2_ws3/build/my_py_pkg/build --no-deps symlink_data
