[0.011s] Invoking command in '/home/miles_ma/ROS2_learning/ros2_ws/build/my_robot_interfaces': CMAKE_PREFIX_PATH=${CMAKE_PREFIX_PATH}:/home/miles_ma/ROS2_learning/ros2_ws/install/my_py_pkg:/opt/ros/humble /usr/bin/cmake --build /home/miles_ma/ROS2_learning/ros2_ws/build/my_robot_interfaces -- -j12 -l12
[0.045s] [35m[1mConsolidate compiler generated dependencies of target my_robot_interfaces__rosidl_generator_c[0m
[0.055s] [  1%] Built target my_robot_interfaces__cpp
[0.057s] [ 12%] Built target my_robot_interfaces__rosidl_generator_c
[0.066s] [35m[1mConsolidate compiler generated dependencies of target my_robot_interfaces__rosidl_typesupport_cpp[0m
[0.066s] [ 12%] Built target ament_cmake_python_copy_my_robot_interfaces
[0.067s] [35m[1mConsolidate compiler generated dependencies of target my_robot_interfaces__rosidl_typesupport_introspection_cpp[0m
[0.067s] [35m[1mConsolidate compiler generated dependencies of target my_robot_interfaces__rosidl_typesupport_introspection_c[0m
[0.068s] [35m[1mConsolidate compiler generated dependencies of target my_robot_interfaces__rosidl_typesupport_c[0m
[0.069s] [35m[1mConsolidate compiler generated dependencies of target my_robot_interfaces__rosidl_typesupport_fastrtps_cpp[0m
[0.074s] [35m[1mConsolidate compiler generated dependencies of target my_robot_interfaces__rosidl_typesupport_fastrtps_c[0m
[0.080s] [ 25%] Built target my_robot_interfaces__rosidl_typesupport_c
[0.080s] [ 36%] Built target my_robot_interfaces__rosidl_typesupport_cpp
[0.081s] [ 45%] Built target my_robot_interfaces__rosidl_typesupport_introspection_c
[0.083s] [ 56%] Built target my_robot_interfaces__rosidl_typesupport_introspection_cpp
[0.088s] [ 67%] Built target my_robot_interfaces__rosidl_typesupport_fastrtps_cpp
[0.091s] [ 78%] Built target my_robot_interfaces__rosidl_typesupport_fastrtps_c
[0.106s] [ 78%] Built target my_robot_interfaces
[0.123s] [ 80%] Built target my_robot_interfaces__py
[0.133s] [35m[1mConsolidate compiler generated dependencies of target my_robot_interfaces__rosidl_generator_py[0m
[0.146s] [ 89%] Built target my_robot_interfaces__rosidl_generator_py
[0.155s] [35m[1mConsolidate compiler generated dependencies of target my_robot_interfaces__rosidl_typesupport_introspection_c__pyext[0m
[0.155s] [35m[1mConsolidate compiler generated dependencies of target my_robot_interfaces__rosidl_typesupport_fastrtps_c__pyext[0m
[0.155s] [35m[1mConsolidate compiler generated dependencies of target my_robot_interfaces__rosidl_typesupport_c__pyext[0m
[0.166s] [ 92%] Built target my_robot_interfaces__rosidl_typesupport_fastrtps_c__pyext
[0.166s] [ 96%] Built target my_robot_interfaces__rosidl_typesupport_introspection_c__pyext
[0.167s] [100%] Built target my_robot_interfaces__rosidl_typesupport_c__pyext
[0.300s] running egg_info
[0.300s] writing my_robot_interfaces.egg-info/PKG-INFO
[0.301s] writing dependency_links to my_robot_interfaces.egg-info/dependency_links.txt
[0.301s] writing top-level names to my_robot_interfaces.egg-info/top_level.txt
[0.302s] reading manifest file 'my_robot_interfaces.egg-info/SOURCES.txt'
[0.303s] writing manifest file 'my_robot_interfaces.egg-info/SOURCES.txt'
[0.322s] [100%] Built target ament_cmake_python_build_my_robot_interfaces_egg
[0.331s] Invoked command in '/home/miles_ma/ROS2_learning/ros2_ws/build/my_robot_interfaces' returned '0': CMAKE_PREFIX_PATH=${CMAKE_PREFIX_PATH}:/home/miles_ma/ROS2_learning/ros2_ws/install/my_py_pkg:/opt/ros/humble /usr/bin/cmake --build /home/miles_ma/ROS2_learning/ros2_ws/build/my_robot_interfaces -- -j12 -l12
[0.445s] Invoking command in '/home/miles_ma/ROS2_learning/ros2_ws/build/my_robot_interfaces': CMAKE_PREFIX_PATH=${CMAKE_PREFIX_PATH}:/home/miles_ma/ROS2_learning/ros2_ws/install/my_py_pkg:/opt/ros/humble /usr/bin/cmake --install /home/miles_ma/ROS2_learning/ros2_ws/build/my_robot_interfaces
[0.450s] -- Install configuration: ""
[0.450s] -- Up-to-date: /home/miles_ma/ROS2_learning/ros2_ws/install/my_robot_interfaces/share/ament_index/resource_index/rosidl_interfaces/my_robot_interfaces
[0.451s] -- Up-to-date: /home/miles_ma/ROS2_learning/ros2_ws/install/my_robot_interfaces/include/my_robot_interfaces/my_robot_interfaces
[0.451s] -- Up-to-date: /home/miles_ma/ROS2_learning/ros2_ws/install/my_robot_interfaces/include/my_robot_interfaces/my_robot_interfaces/msg
[0.451s] -- Up-to-date: /home/miles_ma/ROS2_learning/ros2_ws/install/my_robot_interfaces/include/my_robot_interfaces/my_robot_interfaces/msg/led_state_array.h
[0.451s] -- Up-to-date: /home/miles_ma/ROS2_learning/ros2_ws/install/my_robot_interfaces/include/my_robot_interfaces/my_robot_interfaces/msg/led_states.h
[0.451s] -- Up-to-date: /home/miles_ma/ROS2_learning/ros2_ws/install/my_robot_interfaces/include/my_robot_interfaces/my_robot_interfaces/msg/detail
[0.451s] -- Up-to-date: /home/miles_ma/ROS2_learning/ros2_ws/install/my_robot_interfaces/include/my_robot_interfaces/my_robot_interfaces/msg/detail/led_states__type_support.h
[0.451s] -- Up-to-date: /home/miles_ma/ROS2_learning/ros2_ws/install/my_robot_interfaces/include/my_robot_interfaces/my_robot_interfaces/msg/detail/led_states__functions.h
[0.451s] -- Up-to-date: /home/miles_ma/ROS2_learning/ros2_ws/install/my_robot_interfaces/include/my_robot_interfaces/my_robot_interfaces/msg/detail/hardware_status__functions.h
[0.451s] -- Up-to-date: /home/miles_ma/ROS2_learning/ros2_ws/install/my_robot_interfaces/include/my_robot_interfaces/my_robot_interfaces/msg/detail/hardware_status__functions.c
[0.452s] -- Up-to-date: /home/miles_ma/ROS2_learning/ros2_ws/install/my_robot_interfaces/include/my_robot_interfaces/my_robot_interfaces/msg/detail/hardware_status__type_support.h
[0.452s] -- Up-to-date: /home/miles_ma/ROS2_learning/ros2_ws/install/my_robot_interfaces/include/my_robot_interfaces/my_robot_interfaces/msg/detail/led_state_array__type_support.h
[0.452s] -- Up-to-date: /home/miles_ma/ROS2_learning/ros2_ws/install/my_robot_interfaces/include/my_robot_interfaces/my_robot_interfaces/msg/detail/hardware_status__struct.h
[0.452s] -- Up-to-date: /home/miles_ma/ROS2_learning/ros2_ws/install/my_robot_interfaces/include/my_robot_interfaces/my_robot_interfaces/msg/detail/led_state_array__functions.c
[0.452s] -- Up-to-date: /home/miles_ma/ROS2_learning/ros2_ws/install/my_robot_interfaces/include/my_robot_interfaces/my_robot_interfaces/msg/detail/led_states__struct.h
[0.452s] -- Up-to-date: /home/miles_ma/ROS2_learning/ros2_ws/install/my_robot_interfaces/include/my_robot_interfaces/my_robot_interfaces/msg/detail/led_state_array__struct.h
[0.452s] -- Up-to-date: /home/miles_ma/ROS2_learning/ros2_ws/install/my_robot_interfaces/include/my_robot_interfaces/my_robot_interfaces/msg/detail/led_states__functions.c
[0.453s] -- Up-to-date: /home/miles_ma/ROS2_learning/ros2_ws/install/my_robot_interfaces/include/my_robot_interfaces/my_robot_interfaces/msg/detail/led_state_array__functions.h
[0.453s] -- Up-to-date: /home/miles_ma/ROS2_learning/ros2_ws/install/my_robot_interfaces/include/my_robot_interfaces/my_robot_interfaces/msg/hardware_status.h
[0.453s] -- Up-to-date: /home/miles_ma/ROS2_learning/ros2_ws/install/my_robot_interfaces/include/my_robot_interfaces/my_robot_interfaces/msg/rosidl_generator_c__visibility_control.h
[0.453s] -- Up-to-date: /home/miles_ma/ROS2_learning/ros2_ws/install/my_robot_interfaces/include/my_robot_interfaces/my_robot_interfaces/srv
[0.453s] -- Up-to-date: /home/miles_ma/ROS2_learning/ros2_ws/install/my_robot_interfaces/include/my_robot_interfaces/my_robot_interfaces/srv/detail
[0.454s] -- Up-to-date: /home/miles_ma/ROS2_learning/ros2_ws/install/my_robot_interfaces/include/my_robot_interfaces/my_robot_interfaces/srv/detail/set_led__type_support.h
[0.454s] -- Up-to-date: /home/miles_ma/ROS2_learning/ros2_ws/install/my_robot_interfaces/include/my_robot_interfaces/my_robot_interfaces/srv/detail/compute_rectangle_area__functions.h
[0.454s] -- Up-to-date: /home/miles_ma/ROS2_learning/ros2_ws/install/my_robot_interfaces/include/my_robot_interfaces/my_robot_interfaces/srv/detail/set_led__functions.h
[0.454s] -- Up-to-date: /home/miles_ma/ROS2_learning/ros2_ws/install/my_robot_interfaces/include/my_robot_interfaces/my_robot_interfaces/srv/detail/compute_rectangle_area__struct.h
[0.454s] -- Up-to-date: /home/miles_ma/ROS2_learning/ros2_ws/install/my_robot_interfaces/include/my_robot_interfaces/my_robot_interfaces/srv/detail/set_led__functions.c
[0.455s] -- Up-to-date: /home/miles_ma/ROS2_learning/ros2_ws/install/my_robot_interfaces/include/my_robot_interfaces/my_robot_interfaces/srv/detail/compute_rectangle_area__functions.c
[0.455s] -- Up-to-date: /home/miles_ma/ROS2_learning/ros2_ws/install/my_robot_interfaces/include/my_robot_interfaces/my_robot_interfaces/srv/detail/set_led__struct.h
[0.455s] -- Up-to-date: /home/miles_ma/ROS2_learning/ros2_ws/install/my_robot_interfaces/include/my_robot_interfaces/my_robot_interfaces/srv/detail/compute_rectangle_area__type_support.h
[0.455s] -- Up-to-date: /home/miles_ma/ROS2_learning/ros2_ws/install/my_robot_interfaces/include/my_robot_interfaces/my_robot_interfaces/srv/set_led.h
[0.456s] -- Up-to-date: /home/miles_ma/ROS2_learning/ros2_ws/install/my_robot_interfaces/include/my_robot_interfaces/my_robot_interfaces/srv/compute_rectangle_area.h
[0.456s] -- Up-to-date: /home/miles_ma/ROS2_learning/ros2_ws/install/my_robot_interfaces/share/my_robot_interfaces/environment/library_path.sh
[0.456s] -- Up-to-date: /home/miles_ma/ROS2_learning/ros2_ws/install/my_robot_interfaces/share/my_robot_interfaces/environment/library_path.dsv
[0.456s] -- Up-to-date: /home/miles_ma/ROS2_learning/ros2_ws/install/my_robot_interfaces/lib/libmy_robot_interfaces__rosidl_generator_c.so
[0.457s] -- Up-to-date: /home/miles_ma/ROS2_learning/ros2_ws/install/my_robot_interfaces/include/my_robot_interfaces/my_robot_interfaces
[0.457s] -- Up-to-date: /home/miles_ma/ROS2_learning/ros2_ws/install/my_robot_interfaces/include/my_robot_interfaces/my_robot_interfaces/msg
[0.457s] -- Up-to-date: /home/miles_ma/ROS2_learning/ros2_ws/install/my_robot_interfaces/include/my_robot_interfaces/my_robot_interfaces/msg/rosidl_typesupport_fastrtps_c__visibility_control.h
[0.457s] -- Up-to-date: /home/miles_ma/ROS2_learning/ros2_ws/install/my_robot_interfaces/include/my_robot_interfaces/my_robot_interfaces/msg/detail
[0.457s] -- Up-to-date: /home/miles_ma/ROS2_learning/ros2_ws/install/my_robot_interfaces/include/my_robot_interfaces/my_robot_interfaces/msg/detail/led_states__rosidl_typesupport_fastrtps_c.h
[0.457s] -- Up-to-date: /home/miles_ma/ROS2_learning/ros2_ws/install/my_robot_interfaces/include/my_robot_interfaces/my_robot_interfaces/msg/detail/hardware_status__rosidl_typesupport_fastrtps_c.h
[0.457s] -- Up-to-date: /home/miles_ma/ROS2_learning/ros2_ws/install/my_robot_interfaces/include/my_robot_interfaces/my_robot_interfaces/msg/detail/led_state_array__rosidl_typesupport_fastrtps_c.h
[0.458s] -- Up-to-date: /home/miles_ma/ROS2_learning/ros2_ws/install/my_robot_interfaces/include/my_robot_interfaces/my_robot_interfaces/srv
[0.458s] -- Up-to-date: /home/miles_ma/ROS2_learning/ros2_ws/install/my_robot_interfaces/include/my_robot_interfaces/my_robot_interfaces/srv/detail
[0.458s] -- Up-to-date: /home/miles_ma/ROS2_learning/ros2_ws/install/my_robot_interfaces/include/my_robot_interfaces/my_robot_interfaces/srv/detail/compute_rectangle_area__rosidl_typesupport_fastrtps_c.h
[0.458s] -- Up-to-date: /home/miles_ma/ROS2_learning/ros2_ws/install/my_robot_interfaces/include/my_robot_interfaces/my_robot_interfaces/srv/detail/set_led__rosidl_typesupport_fastrtps_c.h
[0.458s] -- Up-to-date: /home/miles_ma/ROS2_learning/ros2_ws/install/my_robot_interfaces/lib/libmy_robot_interfaces__rosidl_typesupport_fastrtps_c.so
[0.458s] -- Up-to-date: /home/miles_ma/ROS2_learning/ros2_ws/install/my_robot_interfaces/include/my_robot_interfaces/my_robot_interfaces
[0.459s] -- Up-to-date: /home/miles_ma/ROS2_learning/ros2_ws/install/my_robot_interfaces/include/my_robot_interfaces/my_robot_interfaces/msg
[0.459s] -- Up-to-date: /home/miles_ma/ROS2_learning/ros2_ws/install/my_robot_interfaces/include/my_robot_interfaces/my_robot_interfaces/msg/rosidl_typesupport_introspection_c__visibility_control.h
[0.459s] -- Up-to-date: /home/miles_ma/ROS2_learning/ros2_ws/install/my_robot_interfaces/include/my_robot_interfaces/my_robot_interfaces/msg/detail
[0.459s] -- Up-to-date: /home/miles_ma/ROS2_learning/ros2_ws/install/my_robot_interfaces/include/my_robot_interfaces/my_robot_interfaces/msg/detail/led_state_array__type_support.c
[0.459s] -- Up-to-date: /home/miles_ma/ROS2_learning/ros2_ws/install/my_robot_interfaces/include/my_robot_interfaces/my_robot_interfaces/msg/detail/hardware_status__rosidl_typesupport_introspection_c.h
[0.460s] -- Up-to-date: /home/miles_ma/ROS2_learning/ros2_ws/install/my_robot_interfaces/include/my_robot_interfaces/my_robot_interfaces/msg/detail/hardware_status__type_support.c
[0.460s] -- Up-to-date: /home/miles_ma/ROS2_learning/ros2_ws/install/my_robot_interfaces/include/my_robot_interfaces/my_robot_interfaces/msg/detail/led_states__rosidl_typesupport_introspection_c.h
[0.460s] -- Up-to-date: /home/miles_ma/ROS2_learning/ros2_ws/install/my_robot_interfaces/include/my_robot_interfaces/my_robot_interfaces/msg/detail/led_states__type_support.c
[0.460s] -- Up-to-date: /home/miles_ma/ROS2_learning/ros2_ws/install/my_robot_interfaces/include/my_robot_interfaces/my_robot_interfaces/msg/detail/led_state_array__rosidl_typesupport_introspection_c.h
[0.460s] -- Up-to-date: /home/miles_ma/ROS2_learning/ros2_ws/install/my_robot_interfaces/include/my_robot_interfaces/my_robot_interfaces/srv
[0.460s] -- Up-to-date: /home/miles_ma/ROS2_learning/ros2_ws/install/my_robot_interfaces/include/my_robot_interfaces/my_robot_interfaces/srv/detail
[0.460s] -- Up-to-date: /home/miles_ma/ROS2_learning/ros2_ws/install/my_robot_interfaces/include/my_robot_interfaces/my_robot_interfaces/srv/detail/compute_rectangle_area__rosidl_typesupport_introspection_c.h
[0.460s] -- Up-to-date: /home/miles_ma/ROS2_learning/ros2_ws/install/my_robot_interfaces/include/my_robot_interfaces/my_robot_interfaces/srv/detail/compute_rectangle_area__type_support.c
[0.460s] -- Up-to-date: /home/miles_ma/ROS2_learning/ros2_ws/install/my_robot_interfaces/include/my_robot_interfaces/my_robot_interfaces/srv/detail/set_led__rosidl_typesupport_introspection_c.h
[0.460s] -- Up-to-date: /home/miles_ma/ROS2_learning/ros2_ws/install/my_robot_interfaces/include/my_robot_interfaces/my_robot_interfaces/srv/detail/set_led__type_support.c
[0.460s] -- Up-to-date: /home/miles_ma/ROS2_learning/ros2_ws/install/my_robot_interfaces/lib/libmy_robot_interfaces__rosidl_typesupport_introspection_c.so
[0.460s] -- Up-to-date: /home/miles_ma/ROS2_learning/ros2_ws/install/my_robot_interfaces/lib/libmy_robot_interfaces__rosidl_typesupport_c.so
[0.460s] -- Up-to-date: /home/miles_ma/ROS2_learning/ros2_ws/install/my_robot_interfaces/include/my_robot_interfaces/my_robot_interfaces
[0.460s] -- Up-to-date: /home/miles_ma/ROS2_learning/ros2_ws/install/my_robot_interfaces/include/my_robot_interfaces/my_robot_interfaces/msg
[0.460s] -- Up-to-date: /home/miles_ma/ROS2_learning/ros2_ws/install/my_robot_interfaces/include/my_robot_interfaces/my_robot_interfaces/msg/led_states.hpp
[0.460s] -- Up-to-date: /home/miles_ma/ROS2_learning/ros2_ws/install/my_robot_interfaces/include/my_robot_interfaces/my_robot_interfaces/msg/detail
[0.460s] -- Up-to-date: /home/miles_ma/ROS2_learning/ros2_ws/install/my_robot_interfaces/include/my_robot_interfaces/my_robot_interfaces/msg/detail/hardware_status__builder.hpp
[0.460s] -- Up-to-date: /home/miles_ma/ROS2_learning/ros2_ws/install/my_robot_interfaces/include/my_robot_interfaces/my_robot_interfaces/msg/detail/led_states__traits.hpp
[0.461s] -- Up-to-date: /home/miles_ma/ROS2_learning/ros2_ws/install/my_robot_interfaces/include/my_robot_interfaces/my_robot_interfaces/msg/detail/led_states__struct.hpp
[0.461s] -- Up-to-date: /home/miles_ma/ROS2_learning/ros2_ws/install/my_robot_interfaces/include/my_robot_interfaces/my_robot_interfaces/msg/detail/led_states__builder.hpp
[0.461s] -- Up-to-date: /home/miles_ma/ROS2_learning/ros2_ws/install/my_robot_interfaces/include/my_robot_interfaces/my_robot_interfaces/msg/detail/led_state_array__struct.hpp
[0.461s] -- Up-to-date: /home/miles_ma/ROS2_learning/ros2_ws/install/my_robot_interfaces/include/my_robot_interfaces/my_robot_interfaces/msg/detail/led_state_array__builder.hpp
[0.461s] -- Up-to-date: /home/miles_ma/ROS2_learning/ros2_ws/install/my_robot_interfaces/include/my_robot_interfaces/my_robot_interfaces/msg/detail/hardware_status__traits.hpp
[0.461s] -- Up-to-date: /home/miles_ma/ROS2_learning/ros2_ws/install/my_robot_interfaces/include/my_robot_interfaces/my_robot_interfaces/msg/detail/led_state_array__traits.hpp
[0.461s] -- Up-to-date: /home/miles_ma/ROS2_learning/ros2_ws/install/my_robot_interfaces/include/my_robot_interfaces/my_robot_interfaces/msg/detail/hardware_status__struct.hpp
[0.461s] -- Up-to-date: /home/miles_ma/ROS2_learning/ros2_ws/install/my_robot_interfaces/include/my_robot_interfaces/my_robot_interfaces/msg/led_state_array.hpp
[0.461s] -- Up-to-date: /home/miles_ma/ROS2_learning/ros2_ws/install/my_robot_interfaces/include/my_robot_interfaces/my_robot_interfaces/msg/hardware_status.hpp
[0.461s] -- Up-to-date: /home/miles_ma/ROS2_learning/ros2_ws/install/my_robot_interfaces/include/my_robot_interfaces/my_robot_interfaces/srv
[0.461s] -- Up-to-date: /home/miles_ma/ROS2_learning/ros2_ws/install/my_robot_interfaces/include/my_robot_interfaces/my_robot_interfaces/srv/detail
[0.461s] -- Up-to-date: /home/miles_ma/ROS2_learning/ros2_ws/install/my_robot_interfaces/include/my_robot_interfaces/my_robot_interfaces/srv/detail/set_led__struct.hpp
[0.461s] -- Up-to-date: /home/miles_ma/ROS2_learning/ros2_ws/install/my_robot_interfaces/include/my_robot_interfaces/my_robot_interfaces/srv/detail/compute_rectangle_area__traits.hpp
[0.461s] -- Up-to-date: /home/miles_ma/ROS2_learning/ros2_ws/install/my_robot_interfaces/include/my_robot_interfaces/my_robot_interfaces/srv/detail/set_led__builder.hpp
[0.461s] -- Up-to-date: /home/miles_ma/ROS2_learning/ros2_ws/install/my_robot_interfaces/include/my_robot_interfaces/my_robot_interfaces/srv/detail/compute_rectangle_area__struct.hpp
[0.461s] -- Up-to-date: /home/miles_ma/ROS2_learning/ros2_ws/install/my_robot_interfaces/include/my_robot_interfaces/my_robot_interfaces/srv/detail/compute_rectangle_area__builder.hpp
[0.461s] -- Up-to-date: /home/miles_ma/ROS2_learning/ros2_ws/install/my_robot_interfaces/include/my_robot_interfaces/my_robot_interfaces/srv/detail/set_led__traits.hpp
[0.461s] -- Up-to-date: /home/miles_ma/ROS2_learning/ros2_ws/install/my_robot_interfaces/include/my_robot_interfaces/my_robot_interfaces/srv/compute_rectangle_area.hpp
[0.461s] -- Up-to-date: /home/miles_ma/ROS2_learning/ros2_ws/install/my_robot_interfaces/include/my_robot_interfaces/my_robot_interfaces/srv/set_led.hpp
[0.461s] -- Up-to-date: /home/miles_ma/ROS2_learning/ros2_ws/install/my_robot_interfaces/include/my_robot_interfaces/my_robot_interfaces
[0.462s] -- Up-to-date: /home/miles_ma/ROS2_learning/ros2_ws/install/my_robot_interfaces/include/my_robot_interfaces/my_robot_interfaces/msg
[0.462s] -- Up-to-date: /home/miles_ma/ROS2_learning/ros2_ws/install/my_robot_interfaces/include/my_robot_interfaces/my_robot_interfaces/msg/detail
[0.462s] -- Up-to-date: /home/miles_ma/ROS2_learning/ros2_ws/install/my_robot_interfaces/include/my_robot_interfaces/my_robot_interfaces/msg/detail/hardware_status__rosidl_typesupport_fastrtps_cpp.hpp
[0.462s] -- Up-to-date: /home/miles_ma/ROS2_learning/ros2_ws/install/my_robot_interfaces/include/my_robot_interfaces/my_robot_interfaces/msg/detail/dds_fastrtps
[0.462s] -- Up-to-date: /home/miles_ma/ROS2_learning/ros2_ws/install/my_robot_interfaces/include/my_robot_interfaces/my_robot_interfaces/msg/detail/led_state_array__rosidl_typesupport_fastrtps_cpp.hpp
[0.462s] -- Up-to-date: /home/miles_ma/ROS2_learning/ros2_ws/install/my_robot_interfaces/include/my_robot_interfaces/my_robot_interfaces/msg/detail/led_states__rosidl_typesupport_fastrtps_cpp.hpp
[0.462s] -- Up-to-date: /home/miles_ma/ROS2_learning/ros2_ws/install/my_robot_interfaces/include/my_robot_interfaces/my_robot_interfaces/msg/rosidl_typesupport_fastrtps_cpp__visibility_control.h
[0.462s] -- Up-to-date: /home/miles_ma/ROS2_learning/ros2_ws/install/my_robot_interfaces/include/my_robot_interfaces/my_robot_interfaces/srv
[0.462s] -- Up-to-date: /home/miles_ma/ROS2_learning/ros2_ws/install/my_robot_interfaces/include/my_robot_interfaces/my_robot_interfaces/srv/detail
[0.462s] -- Up-to-date: /home/miles_ma/ROS2_learning/ros2_ws/install/my_robot_interfaces/include/my_robot_interfaces/my_robot_interfaces/srv/detail/compute_rectangle_area__rosidl_typesupport_fastrtps_cpp.hpp
[0.462s] -- Up-to-date: /home/miles_ma/ROS2_learning/ros2_ws/install/my_robot_interfaces/include/my_robot_interfaces/my_robot_interfaces/srv/detail/dds_fastrtps
[0.462s] -- Up-to-date: /home/miles_ma/ROS2_learning/ros2_ws/install/my_robot_interfaces/include/my_robot_interfaces/my_robot_interfaces/srv/detail/set_led__rosidl_typesupport_fastrtps_cpp.hpp
[0.462s] -- Up-to-date: /home/miles_ma/ROS2_learning/ros2_ws/install/my_robot_interfaces/lib/libmy_robot_interfaces__rosidl_typesupport_fastrtps_cpp.so
[0.462s] -- Up-to-date: /home/miles_ma/ROS2_learning/ros2_ws/install/my_robot_interfaces/include/my_robot_interfaces/my_robot_interfaces
[0.462s] -- Up-to-date: /home/miles_ma/ROS2_learning/ros2_ws/install/my_robot_interfaces/include/my_robot_interfaces/my_robot_interfaces/msg
[0.462s] -- Up-to-date: /home/miles_ma/ROS2_learning/ros2_ws/install/my_robot_interfaces/include/my_robot_interfaces/my_robot_interfaces/msg/detail
[0.462s] -- Up-to-date: /home/miles_ma/ROS2_learning/ros2_ws/install/my_robot_interfaces/include/my_robot_interfaces/my_robot_interfaces/msg/detail/led_state_array__rosidl_typesupport_introspection_cpp.hpp
[0.462s] -- Up-to-date: /home/miles_ma/ROS2_learning/ros2_ws/install/my_robot_interfaces/include/my_robot_interfaces/my_robot_interfaces/msg/detail/hardware_status__type_support.cpp
[0.462s] -- Up-to-date: /home/miles_ma/ROS2_learning/ros2_ws/install/my_robot_interfaces/include/my_robot_interfaces/my_robot_interfaces/msg/detail/led_state_array__type_support.cpp
[0.462s] -- Up-to-date: /home/miles_ma/ROS2_learning/ros2_ws/install/my_robot_interfaces/include/my_robot_interfaces/my_robot_interfaces/msg/detail/hardware_status__rosidl_typesupport_introspection_cpp.hpp
[0.463s] -- Up-to-date: /home/miles_ma/ROS2_learning/ros2_ws/install/my_robot_interfaces/include/my_robot_interfaces/my_robot_interfaces/msg/detail/led_states__rosidl_typesupport_introspection_cpp.hpp
[0.463s] -- Up-to-date: /home/miles_ma/ROS2_learning/ros2_ws/install/my_robot_interfaces/include/my_robot_interfaces/my_robot_interfaces/msg/detail/led_states__type_support.cpp
[0.463s] -- Up-to-date: /home/miles_ma/ROS2_learning/ros2_ws/install/my_robot_interfaces/include/my_robot_interfaces/my_robot_interfaces/srv
[0.463s] -- Up-to-date: /home/miles_ma/ROS2_learning/ros2_ws/install/my_robot_interfaces/include/my_robot_interfaces/my_robot_interfaces/srv/detail
[0.463s] -- Up-to-date: /home/miles_ma/ROS2_learning/ros2_ws/install/my_robot_interfaces/include/my_robot_interfaces/my_robot_interfaces/srv/detail/set_led__type_support.cpp
[0.463s] -- Up-to-date: /home/miles_ma/ROS2_learning/ros2_ws/install/my_robot_interfaces/include/my_robot_interfaces/my_robot_interfaces/srv/detail/compute_rectangle_area__rosidl_typesupport_introspection_cpp.hpp
[0.463s] -- Up-to-date: /home/miles_ma/ROS2_learning/ros2_ws/install/my_robot_interfaces/include/my_robot_interfaces/my_robot_interfaces/srv/detail/compute_rectangle_area__type_support.cpp
[0.463s] -- Up-to-date: /home/miles_ma/ROS2_learning/ros2_ws/install/my_robot_interfaces/include/my_robot_interfaces/my_robot_interfaces/srv/detail/set_led__rosidl_typesupport_introspection_cpp.hpp
[0.463s] -- Up-to-date: /home/miles_ma/ROS2_learning/ros2_ws/install/my_robot_interfaces/lib/libmy_robot_interfaces__rosidl_typesupport_introspection_cpp.so
[0.463s] -- Up-to-date: /home/miles_ma/ROS2_learning/ros2_ws/install/my_robot_interfaces/lib/libmy_robot_interfaces__rosidl_typesupport_cpp.so
[0.463s] -- Up-to-date: /home/miles_ma/ROS2_learning/ros2_ws/install/my_robot_interfaces/share/my_robot_interfaces/environment/pythonpath.sh
[0.463s] -- Up-to-date: /home/miles_ma/ROS2_learning/ros2_ws/install/my_robot_interfaces/share/my_robot_interfaces/environment/pythonpath.dsv
[0.463s] -- Up-to-date: /home/miles_ma/ROS2_learning/ros2_ws/install/my_robot_interfaces/local/lib/python3.10/dist-packages/my_robot_interfaces-0.0.0-py3.10.egg-info
[0.463s] -- Installing: /home/miles_ma/ROS2_learning/ros2_ws/install/my_robot_interfaces/local/lib/python3.10/dist-packages/my_robot_interfaces-0.0.0-py3.10.egg-info/dependency_links.txt
[0.463s] -- Installing: /home/miles_ma/ROS2_learning/ros2_ws/install/my_robot_interfaces/local/lib/python3.10/dist-packages/my_robot_interfaces-0.0.0-py3.10.egg-info/SOURCES.txt
[0.463s] -- Installing: /home/miles_ma/ROS2_learning/ros2_ws/install/my_robot_interfaces/local/lib/python3.10/dist-packages/my_robot_interfaces-0.0.0-py3.10.egg-info/top_level.txt
[0.463s] -- Installing: /home/miles_ma/ROS2_learning/ros2_ws/install/my_robot_interfaces/local/lib/python3.10/dist-packages/my_robot_interfaces-0.0.0-py3.10.egg-info/PKG-INFO
[0.463s] -- Up-to-date: /home/miles_ma/ROS2_learning/ros2_ws/install/my_robot_interfaces/local/lib/python3.10/dist-packages/my_robot_interfaces
[0.463s] -- Up-to-date: /home/miles_ma/ROS2_learning/ros2_ws/install/my_robot_interfaces/local/lib/python3.10/dist-packages/my_robot_interfaces/_my_robot_interfaces_s.ep.rosidl_typesupport_fastrtps_c.c
[0.463s] -- Up-to-date: /home/miles_ma/ROS2_learning/ros2_ws/install/my_robot_interfaces/local/lib/python3.10/dist-packages/my_robot_interfaces/my_robot_interfaces_s__rosidl_typesupport_c.cpython-310-x86_64-linux-gnu.so
[0.463s] -- Up-to-date: /home/miles_ma/ROS2_learning/ros2_ws/install/my_robot_interfaces/local/lib/python3.10/dist-packages/my_robot_interfaces/msg
[0.464s] -- Up-to-date: /home/miles_ma/ROS2_learning/ros2_ws/install/my_robot_interfaces/local/lib/python3.10/dist-packages/my_robot_interfaces/msg/_led_state_array.py
[0.464s] -- Up-to-date: /home/miles_ma/ROS2_learning/ros2_ws/install/my_robot_interfaces/local/lib/python3.10/dist-packages/my_robot_interfaces/msg/__init__.py
[0.464s] -- Up-to-date: /home/miles_ma/ROS2_learning/ros2_ws/install/my_robot_interfaces/local/lib/python3.10/dist-packages/my_robot_interfaces/msg/_led_states.py
[0.464s] -- Up-to-date: /home/miles_ma/ROS2_learning/ros2_ws/install/my_robot_interfaces/local/lib/python3.10/dist-packages/my_robot_interfaces/msg/_led_state_array_s.c
[0.464s] -- Up-to-date: /home/miles_ma/ROS2_learning/ros2_ws/install/my_robot_interfaces/local/lib/python3.10/dist-packages/my_robot_interfaces/msg/_led_states_s.c
[0.464s] -- Up-to-date: /home/miles_ma/ROS2_learning/ros2_ws/install/my_robot_interfaces/local/lib/python3.10/dist-packages/my_robot_interfaces/msg/_hardware_status_s.c
[0.464s] -- Up-to-date: /home/miles_ma/ROS2_learning/ros2_ws/install/my_robot_interfaces/local/lib/python3.10/dist-packages/my_robot_interfaces/msg/_hardware_status.py
[0.464s] -- Up-to-date: /home/miles_ma/ROS2_learning/ros2_ws/install/my_robot_interfaces/local/lib/python3.10/dist-packages/my_robot_interfaces/my_robot_interfaces_s__rosidl_typesupport_introspection_c.cpython-310-x86_64-linux-gnu.so
[0.464s] -- Up-to-date: /home/miles_ma/ROS2_learning/ros2_ws/install/my_robot_interfaces/local/lib/python3.10/dist-packages/my_robot_interfaces/_my_robot_interfaces_s.ep.rosidl_typesupport_introspection_c.c
[0.464s] -- Up-to-date: /home/miles_ma/ROS2_learning/ros2_ws/install/my_robot_interfaces/local/lib/python3.10/dist-packages/my_robot_interfaces/__init__.py
[0.464s] -- Up-to-date: /home/miles_ma/ROS2_learning/ros2_ws/install/my_robot_interfaces/local/lib/python3.10/dist-packages/my_robot_interfaces/_my_robot_interfaces_s.ep.rosidl_typesupport_c.c
[0.464s] -- Up-to-date: /home/miles_ma/ROS2_learning/ros2_ws/install/my_robot_interfaces/local/lib/python3.10/dist-packages/my_robot_interfaces/libmy_robot_interfaces__rosidl_generator_py.so
[0.464s] -- Up-to-date: /home/miles_ma/ROS2_learning/ros2_ws/install/my_robot_interfaces/local/lib/python3.10/dist-packages/my_robot_interfaces/srv
[0.464s] -- Up-to-date: /home/miles_ma/ROS2_learning/ros2_ws/install/my_robot_interfaces/local/lib/python3.10/dist-packages/my_robot_interfaces/srv/_set_led_s.c
[0.464s] -- Up-to-date: /home/miles_ma/ROS2_learning/ros2_ws/install/my_robot_interfaces/local/lib/python3.10/dist-packages/my_robot_interfaces/srv/__init__.py
[0.464s] -- Up-to-date: /home/miles_ma/ROS2_learning/ros2_ws/install/my_robot_interfaces/local/lib/python3.10/dist-packages/my_robot_interfaces/srv/_compute_rectangle_area.py
[0.464s] -- Up-to-date: /home/miles_ma/ROS2_learning/ros2_ws/install/my_robot_interfaces/local/lib/python3.10/dist-packages/my_robot_interfaces/srv/_set_led.py
[0.464s] -- Up-to-date: /home/miles_ma/ROS2_learning/ros2_ws/install/my_robot_interfaces/local/lib/python3.10/dist-packages/my_robot_interfaces/srv/_compute_rectangle_area_s.c
[0.465s] -- Up-to-date: /home/miles_ma/ROS2_learning/ros2_ws/install/my_robot_interfaces/local/lib/python3.10/dist-packages/my_robot_interfaces/my_robot_interfaces_s__rosidl_typesupport_fastrtps_c.cpython-310-x86_64-linux-gnu.so
[0.484s] Listing '/home/miles_ma/ROS2_learning/ros2_ws/install/my_robot_interfaces/local/lib/python3.10/dist-packages/my_robot_interfaces'...
[0.484s] Listing '/home/miles_ma/ROS2_learning/ros2_ws/install/my_robot_interfaces/local/lib/python3.10/dist-packages/my_robot_interfaces/msg'...
[0.484s] Listing '/home/miles_ma/ROS2_learning/ros2_ws/install/my_robot_interfaces/local/lib/python3.10/dist-packages/my_robot_interfaces/srv'...
[0.488s] -- Up-to-date: /home/miles_ma/ROS2_learning/ros2_ws/install/my_robot_interfaces/local/lib/python3.10/dist-packages/my_robot_interfaces/my_robot_interfaces_s__rosidl_typesupport_fastrtps_c.cpython-310-x86_64-linux-gnu.so
[0.488s] -- Up-to-date: /home/miles_ma/ROS2_learning/ros2_ws/install/my_robot_interfaces/local/lib/python3.10/dist-packages/my_robot_interfaces/my_robot_interfaces_s__rosidl_typesupport_introspection_c.cpython-310-x86_64-linux-gnu.so
[0.488s] -- Up-to-date: /home/miles_ma/ROS2_learning/ros2_ws/install/my_robot_interfaces/local/lib/python3.10/dist-packages/my_robot_interfaces/my_robot_interfaces_s__rosidl_typesupport_c.cpython-310-x86_64-linux-gnu.so
[0.489s] -- Up-to-date: /home/miles_ma/ROS2_learning/ros2_ws/install/my_robot_interfaces/lib/libmy_robot_interfaces__rosidl_generator_py.so
[0.489s] -- Up-to-date: /home/miles_ma/ROS2_learning/ros2_ws/install/my_robot_interfaces/share/my_robot_interfaces/msg/HardwareStatus.idl
[0.489s] -- Up-to-date: /home/miles_ma/ROS2_learning/ros2_ws/install/my_robot_interfaces/share/my_robot_interfaces/srv/ComputeRectangleArea.idl
[0.489s] -- Up-to-date: /home/miles_ma/ROS2_learning/ros2_ws/install/my_robot_interfaces/share/my_robot_interfaces/msg/LedStateArray.idl
[0.489s] -- Up-to-date: /home/miles_ma/ROS2_learning/ros2_ws/install/my_robot_interfaces/share/my_robot_interfaces/srv/SetLed.idl
[0.489s] -- Up-to-date: /home/miles_ma/ROS2_learning/ros2_ws/install/my_robot_interfaces/share/my_robot_interfaces/msg/HardwareStatus.msg
[0.489s] -- Up-to-date: /home/miles_ma/ROS2_learning/ros2_ws/install/my_robot_interfaces/share/my_robot_interfaces/srv/ComputeRectangleArea.srv
[0.490s] -- Up-to-date: /home/miles_ma/ROS2_learning/ros2_ws/install/my_robot_interfaces/share/my_robot_interfaces/srv/ComputeRectangleArea_Request.msg
[0.490s] -- Up-to-date: /home/miles_ma/ROS2_learning/ros2_ws/install/my_robot_interfaces/share/my_robot_interfaces/srv/ComputeRectangleArea_Response.msg
[0.490s] -- Up-to-date: /home/miles_ma/ROS2_learning/ros2_ws/install/my_robot_interfaces/share/my_robot_interfaces/msg/LedStateArray.msg
[0.490s] -- Up-to-date: /home/miles_ma/ROS2_learning/ros2_ws/install/my_robot_interfaces/share/my_robot_interfaces/srv/SetLed.srv
[0.490s] -- Up-to-date: /home/miles_ma/ROS2_learning/ros2_ws/install/my_robot_interfaces/share/my_robot_interfaces/srv/SetLed_Request.msg
[0.490s] -- Up-to-date: /home/miles_ma/ROS2_learning/ros2_ws/install/my_robot_interfaces/share/my_robot_interfaces/srv/SetLed_Response.msg
[0.490s] -- Up-to-date: /home/miles_ma/ROS2_learning/ros2_ws/install/my_robot_interfaces/share/ament_index/resource_index/package_run_dependencies/my_robot_interfaces
[0.491s] -- Up-to-date: /home/miles_ma/ROS2_learning/ros2_ws/install/my_robot_interfaces/share/ament_index/resource_index/parent_prefix_path/my_robot_interfaces
[0.491s] -- Up-to-date: /home/miles_ma/ROS2_learning/ros2_ws/install/my_robot_interfaces/share/my_robot_interfaces/environment/ament_prefix_path.sh
[0.491s] -- Up-to-date: /home/miles_ma/ROS2_learning/ros2_ws/install/my_robot_interfaces/share/my_robot_interfaces/environment/ament_prefix_path.dsv
[0.491s] -- Up-to-date: /home/miles_ma/ROS2_learning/ros2_ws/install/my_robot_interfaces/share/my_robot_interfaces/environment/path.sh
[0.491s] -- Up-to-date: /home/miles_ma/ROS2_learning/ros2_ws/install/my_robot_interfaces/share/my_robot_interfaces/environment/path.dsv
[0.492s] -- Up-to-date: /home/miles_ma/ROS2_learning/ros2_ws/install/my_robot_interfaces/share/my_robot_interfaces/local_setup.bash
[0.492s] -- Up-to-date: /home/miles_ma/ROS2_learning/ros2_ws/install/my_robot_interfaces/share/my_robot_interfaces/local_setup.sh
[0.492s] -- Up-to-date: /home/miles_ma/ROS2_learning/ros2_ws/install/my_robot_interfaces/share/my_robot_interfaces/local_setup.zsh
[0.492s] -- Up-to-date: /home/miles_ma/ROS2_learning/ros2_ws/install/my_robot_interfaces/share/my_robot_interfaces/local_setup.dsv
[0.492s] -- Installing: /home/miles_ma/ROS2_learning/ros2_ws/install/my_robot_interfaces/share/my_robot_interfaces/package.dsv
[0.492s] -- Up-to-date: /home/miles_ma/ROS2_learning/ros2_ws/install/my_robot_interfaces/share/ament_index/resource_index/packages/my_robot_interfaces
[0.492s] -- Up-to-date: /home/miles_ma/ROS2_learning/ros2_ws/install/my_robot_interfaces/share/my_robot_interfaces/cmake/export_my_robot_interfaces__rosidl_generator_cExport.cmake
[0.492s] -- Up-to-date: /home/miles_ma/ROS2_learning/ros2_ws/install/my_robot_interfaces/share/my_robot_interfaces/cmake/export_my_robot_interfaces__rosidl_generator_cExport-noconfig.cmake
[0.492s] -- Up-to-date: /home/miles_ma/ROS2_learning/ros2_ws/install/my_robot_interfaces/share/my_robot_interfaces/cmake/export_my_robot_interfaces__rosidl_typesupport_fastrtps_cExport.cmake
[0.492s] -- Up-to-date: /home/miles_ma/ROS2_learning/ros2_ws/install/my_robot_interfaces/share/my_robot_interfaces/cmake/export_my_robot_interfaces__rosidl_typesupport_fastrtps_cExport-noconfig.cmake
[0.493s] -- Up-to-date: /home/miles_ma/ROS2_learning/ros2_ws/install/my_robot_interfaces/share/my_robot_interfaces/cmake/my_robot_interfaces__rosidl_typesupport_introspection_cExport.cmake
[0.493s] -- Up-to-date: /home/miles_ma/ROS2_learning/ros2_ws/install/my_robot_interfaces/share/my_robot_interfaces/cmake/my_robot_interfaces__rosidl_typesupport_introspection_cExport-noconfig.cmake
[0.493s] -- Up-to-date: /home/miles_ma/ROS2_learning/ros2_ws/install/my_robot_interfaces/share/my_robot_interfaces/cmake/my_robot_interfaces__rosidl_typesupport_cExport.cmake
[0.493s] -- Up-to-date: /home/miles_ma/ROS2_learning/ros2_ws/install/my_robot_interfaces/share/my_robot_interfaces/cmake/my_robot_interfaces__rosidl_typesupport_cExport-noconfig.cmake
[0.493s] -- Up-to-date: /home/miles_ma/ROS2_learning/ros2_ws/install/my_robot_interfaces/share/my_robot_interfaces/cmake/export_my_robot_interfaces__rosidl_generator_cppExport.cmake
[0.493s] -- Up-to-date: /home/miles_ma/ROS2_learning/ros2_ws/install/my_robot_interfaces/share/my_robot_interfaces/cmake/export_my_robot_interfaces__rosidl_typesupport_fastrtps_cppExport.cmake
[0.493s] -- Up-to-date: /home/miles_ma/ROS2_learning/ros2_ws/install/my_robot_interfaces/share/my_robot_interfaces/cmake/export_my_robot_interfaces__rosidl_typesupport_fastrtps_cppExport-noconfig.cmake
[0.493s] -- Up-to-date: /home/miles_ma/ROS2_learning/ros2_ws/install/my_robot_interfaces/share/my_robot_interfaces/cmake/my_robot_interfaces__rosidl_typesupport_introspection_cppExport.cmake
[0.493s] -- Up-to-date: /home/miles_ma/ROS2_learning/ros2_ws/install/my_robot_interfaces/share/my_robot_interfaces/cmake/my_robot_interfaces__rosidl_typesupport_introspection_cppExport-noconfig.cmake
[0.493s] -- Up-to-date: /home/miles_ma/ROS2_learning/ros2_ws/install/my_robot_interfaces/share/my_robot_interfaces/cmake/my_robot_interfaces__rosidl_typesupport_cppExport.cmake
[0.494s] -- Up-to-date: /home/miles_ma/ROS2_learning/ros2_ws/install/my_robot_interfaces/share/my_robot_interfaces/cmake/my_robot_interfaces__rosidl_typesupport_cppExport-noconfig.cmake
[0.494s] -- Up-to-date: /home/miles_ma/ROS2_learning/ros2_ws/install/my_robot_interfaces/share/my_robot_interfaces/cmake/export_my_robot_interfaces__rosidl_generator_pyExport.cmake
[0.495s] -- Up-to-date: /home/miles_ma/ROS2_learning/ros2_ws/install/my_robot_interfaces/share/my_robot_interfaces/cmake/export_my_robot_interfaces__rosidl_generator_pyExport-noconfig.cmake
[0.495s] -- Up-to-date: /home/miles_ma/ROS2_learning/ros2_ws/install/my_robot_interfaces/share/my_robot_interfaces/cmake/rosidl_cmake-extras.cmake
[0.495s] -- Up-to-date: /home/miles_ma/ROS2_learning/ros2_ws/install/my_robot_interfaces/share/my_robot_interfaces/cmake/ament_cmake_export_include_directories-extras.cmake
[0.495s] -- Up-to-date: /home/miles_ma/ROS2_learning/ros2_ws/install/my_robot_interfaces/share/my_robot_interfaces/cmake/ament_cmake_export_libraries-extras.cmake
[0.495s] -- Up-to-date: /home/miles_ma/ROS2_learning/ros2_ws/install/my_robot_interfaces/share/my_robot_interfaces/cmake/ament_cmake_export_targets-extras.cmake
[0.496s] -- Up-to-date: /home/miles_ma/ROS2_learning/ros2_ws/install/my_robot_interfaces/share/my_robot_interfaces/cmake/rosidl_cmake_export_typesupport_targets-extras.cmake
[0.496s] -- Up-to-date: /home/miles_ma/ROS2_learning/ros2_ws/install/my_robot_interfaces/share/my_robot_interfaces/cmake/ament_cmake_export_dependencies-extras.cmake
[0.496s] -- Up-to-date: /home/miles_ma/ROS2_learning/ros2_ws/install/my_robot_interfaces/share/my_robot_interfaces/cmake/rosidl_cmake_export_typesupport_libraries-extras.cmake
[0.496s] -- Up-to-date: /home/miles_ma/ROS2_learning/ros2_ws/install/my_robot_interfaces/share/my_robot_interfaces/cmake/my_robot_interfacesConfig.cmake
[0.496s] -- Up-to-date: /home/miles_ma/ROS2_learning/ros2_ws/install/my_robot_interfaces/share/my_robot_interfaces/cmake/my_robot_interfacesConfig-version.cmake
[0.496s] -- Up-to-date: /home/miles_ma/ROS2_learning/ros2_ws/install/my_robot_interfaces/share/my_robot_interfaces/package.xml
[0.496s] Invoked command in '/home/miles_ma/ROS2_learning/ros2_ws/build/my_robot_interfaces' returned '0': CMAKE_PREFIX_PATH=${CMAKE_PREFIX_PATH}:/home/miles_ma/ROS2_learning/ros2_ws/install/my_py_pkg:/opt/ros/humble /usr/bin/cmake --install /home/miles_ma/ROS2_learning/ros2_ws/build/my_robot_interfaces
